#------------------------------------------------------------
#    Intel(R) MPI Benchmarks 2019 Update 2, MPI-2 part    
#------------------------------------------------------------
# Date                  : Mon Mar 25 14:26:36 2019
# Machine               : x86_64
# System                : Linux
# Release               : 4.14.91+
# Version               : #1 SMP Wed Jan 23 21:34:58 PST 2019
# MPI Version           : 3.1
# MPI Thread Environment: 


# Calling sequence was: 

# /home/openmpi/mpi-benchmarks/IMB-EXT

# Minimum message length in bytes:   0
# Maximum message length in bytes:   4194304
#
# MPI_Datatype                   :   MPI_BYTE 
# MPI_Datatype for reductions    :   MPI_FLOAT
# MPI_Op                         :   MPI_SUM  
#
#

# List of Benchmarks to run:

# Window
# Unidir_Get
# Unidir_Put
# Bidir_Get
# Bidir_Put
# Accumulate

#----------------------------------------------------------------
# Benchmarking Window 
# #processes = 2 
# ( 1 additional process waiting in MPI_Barrier)
#----------------------------------------------------------------
       #bytes #repetitions  t_min[usec]  t_max[usec]  t_avg[usec]
            0          100      2893.72      2893.74      2893.73
            4          100      2976.67      2976.69      2976.68
            8          100      2884.33      2884.38      2884.35
           16          100      2895.61      2895.62      2895.61
           32          100      2107.80      2107.82      2107.81
           64          100      2922.67      2922.73      2922.70
          128          100      2887.79      2887.81      2887.80
          256          100      2907.99      2908.13      2908.06
          512          100      2080.95      2080.98      2080.97
         1024          100      2870.39      2870.50      2870.44
         2048          100      2955.77      2955.80      2955.79
         4096          100      2911.00      2911.01      2911.00
         8192          100      2140.27      2140.38      2140.33
        16384          100      2929.06      2929.18      2929.12
        32768          100      2890.69      2890.75      2890.72
        65536          100      2952.93      2952.93      2952.93
       131072          100      2894.44      2894.70      2894.57
       262144          100      2863.10      2863.14      2863.12
       524288           80      2493.31      2493.37      2493.34
      1048576           40      1608.70      1608.92      1608.81
      2097152           20       558.59       558.93       558.76
      4194304           10       600.98       601.76       601.37

#----------------------------------------------------------------
# Benchmarking Window 
# #processes = 3 
#----------------------------------------------------------------
       #bytes #repetitions  t_min[usec]  t_max[usec]  t_avg[usec]
            0          100      3918.40      3918.55      3918.49
            4          100      3900.96      3901.18      3901.08
            8          100      3955.54      3956.16      3955.82
           16          100      3899.08      3899.33      3899.18
           32          100      3138.01      3138.52      3138.33
           64          100      3913.37      3913.91      3913.66
          128          100      3947.80      3949.75      3948.48
          256          100      3990.71      3991.19      3991.00
          512          100      3891.93      3892.21      3892.09
         1024          100      3933.15      3933.74      3933.41
         2048          100      3125.84      3126.35      3126.12
         4096          100      4783.51      4783.72      4783.63
         8192          100      4064.33      4064.99      4064.70
        16384          100      3894.66      3895.26      3894.87
        32768          100      3046.88      3047.10      3047.00
        65536          100      3977.53      3978.02      3977.73
       131072          100      3940.55      3941.16      3940.86
       262144          100      3892.51      3892.94      3892.79
       524288           80      4755.14      4789.19      4766.59
      1048576           40      4040.00      4040.40      4040.18
      2097152           20       877.58       880.50       879.31
      4194304           10       833.21       833.87       833.54

#---------------------------------------------------
# Benchmarking Unidir_Get 
# #processes = 2 
# ( 1 additional process waiting in MPI_Barrier)
#---------------------------------------------------
#
#    MODE: AGGREGATE 
#
       #bytes #repetitions      t[usec]   Mbytes/sec
            0         1000         0.14         0.00
            4         1000         7.53         0.53
            8         1000         8.53         0.94
           16         1000         8.37         1.91
           32         1000         7.17         4.47
           64         1000         7.62         8.40
          128         1000         8.44        15.16
          256         1000         7.86        32.58
          512         1000         7.19        71.17
         1024         1000         7.84       130.64
         2048         1000        20.69        98.97
         4096         1000        71.51        57.28
         8192         1000       118.90        68.90
        16384         1000       289.20        56.65
        32768         1000       396.46        82.65
        65536          640       782.09        83.80
       131072          320      1877.61        69.81
       262144          160      3747.56        69.95
       524288           80      7495.56        69.95
      1048576           40     12468.80        84.10
      2097152           20     30018.47        69.86
      4194304           10     59962.44        69.95

#---------------------------------------------------
# Benchmarking Unidir_Get 
# #processes = 2 
# ( 1 additional process waiting in MPI_Barrier)
#---------------------------------------------------
#
#    MODE: NON-AGGREGATE 
#
       #bytes #repetitions      t[usec]   Mbytes/sec
            0          100        96.77         0.00
            4          100       117.22         0.03
            8          100       108.48         0.07
           16          100       117.37         0.14
           32          100       110.02         0.29
           64          100       108.82         0.59
          128          100       122.71         1.04
          256          100       112.19         2.28
          512          100       119.21         4.30
         1024          100       116.26         8.81
         2048          100       116.12        17.64
         4096          100       125.63        32.60
         8192          100       130.92        62.57
        16384          100       134.79       121.55
        32768          100       953.45        34.37
        65536          100      2086.77        31.41
       131072          100      3207.19        40.87
       262144          100      7892.50        33.21
       524288           80     14996.09        34.96
      1048576           40     25321.42        41.41
      2097152           20     44985.39        46.62
      4194304           10     60143.86        69.74

#---------------------------------------------------
# Benchmarking Unidir_Put 
# #processes = 2 
# ( 1 additional process waiting in MPI_Barrier)
#---------------------------------------------------
#
#    MODE: AGGREGATE 
#
       #bytes #repetitions      t[usec]   Mbytes/sec
            0         1000         0.22         0.00
            4         1000         0.32        12.43
            8         1000         0.30        26.63
           16         1000         0.29        54.33
           32         1000         0.31       102.89
           64         1000         0.36       178.83
          128         1000         0.43       295.58
          256         1000         0.57       447.77
          512         1000         1.24       413.31
         1024         1000         1.87       546.49
         2048         1000       120.10        17.05
         4096         1000        81.65        50.17
         8192         1000       106.40        76.99
        16384         1000       286.69        57.15
        32768         1000       487.30        67.24
        65536          640       666.62        98.31
       131072          320      1599.87        81.93
       262144          160      3164.26        82.85
       524288           80      7650.37        68.53
      1048576           40     14973.59        70.03
      2097152           20     30151.23        69.55
      4194304           10     60047.62        69.85

#---------------------------------------------------
# Benchmarking Unidir_Put 
# #processes = 2 
# ( 1 additional process waiting in MPI_Barrier)
#---------------------------------------------------
#
#    MODE: NON-AGGREGATE 
#
       #bytes #repetitions      t[usec]   Mbytes/sec
            0          100       107.95         0.00
            4          100       107.61         0.04
            8          100       106.01         0.08
           16          100       104.40         0.15
           32          100       103.99         0.31
           64          100       109.52         0.58
          128          100       110.29         1.16
          256          100       106.13         2.41
          512          100       108.36         4.73
         1024          100       108.89         9.40
         2048          100       120.03        17.06
         4096          100       130.71        31.34
         8192          100       129.26        63.38
        16384          100       150.92       108.56
        32768          100       222.11       147.53
        65536          100      1997.98        32.80
       131072          100      2974.95        44.06
       262144          100      7129.38        36.77
       524288           80     14094.01        37.20
      1048576           40     25021.91        41.91
      2097152           20     49986.72        41.95
      4194304           10     79903.31        52.49

#---------------------------------------------------
# Benchmarking Bidir_Get 
# #processes = 2 
# ( 1 additional process waiting in MPI_Barrier)
#---------------------------------------------------
#
#    MODE: AGGREGATE 
#
       #bytes #repetitions      t[usec]   Mbytes/sec
            0         1000         0.14         0.00
            4         1000        13.19         0.30
            8         1000        18.42         0.43
           16         1000        13.20         1.21
           32         1000        14.37         2.23
           64         1000        12.23         5.23
          128         1000        13.73         9.33
          256         1000        13.06        19.60
          512         1000        15.35        33.35
         1024         1000        14.83        69.05
         2048         1000        16.67       122.88
         4096         1000        97.38        42.06
         8192         1000        95.52        85.76
        16384         1000       299.69        54.67
        32768         1000       386.46        84.79
        65536          640      1181.72        55.46
       131072          320      1848.17        70.92
       262144          160      6846.88        38.29
       524288           80     13218.40        39.66
      1048576           40     11781.80        89.00
      2097152           20     35014.14        59.89
      4194304           10     46412.97        90.37

#---------------------------------------------------
# Benchmarking Bidir_Get 
# #processes = 2 
# ( 1 additional process waiting in MPI_Barrier)
#---------------------------------------------------
#
#    MODE: NON-AGGREGATE 
#
       #bytes #repetitions      t[usec]   Mbytes/sec
            0          100       218.03         0.00
            4          100       153.23         0.03
            8          100       144.64         0.06
           16          100       169.38         0.09
           32          100       140.14         0.23
           64          100       148.84         0.43
          128          100       444.01         0.29
          256          100       146.53         1.75
          512          100       145.51         3.52
         1024          100       157.18         6.51
         2048          100       207.47         9.87
         4096          100       174.90        23.42
         8192          100       169.27        48.40
        16384          100       176.78        92.68
        32768          100       331.47        98.86
        65536          100      1481.38        44.24
       131072          100      4070.28        32.20
       262144          100      8005.11        32.75
       524288           80     15008.32        34.93
      1048576           40     22609.36        46.38
      2097152           20     40147.69        52.24
      4194304           10     81424.59        51.51

#---------------------------------------------------
# Benchmarking Bidir_Put 
# #processes = 2 
# ( 1 additional process waiting in MPI_Barrier)
#---------------------------------------------------
#
#    MODE: AGGREGATE 
#
       #bytes #repetitions      t[usec]   Mbytes/sec
            0         1000         0.15         0.00
            4         1000         0.33        12.25
            8         1000         0.62        12.95
           16         1000         0.35        45.28
           32         1000         0.38        83.48
           64         1000         0.49       131.73
          128         1000         0.68       187.49
          256         1000         1.00       255.58
          512         1000         1.64       311.43
         1024         1000         3.31       309.55
         2048         1000        15.44       132.60
         4096         1000        63.79        64.21
         8192         1000        96.99        84.46
        16384         1000       278.65        58.80
        32768         1000       399.42        82.04
        65536          640      1712.02        38.28
       131072          320      3435.89        38.15
       262144          160      6686.83        39.20
       524288           80      7117.85        73.66
      1048576           40     24284.23        43.18
      2097152           20     28048.04        74.77
      4194304           10    107112.96        39.16

#---------------------------------------------------
# Benchmarking Bidir_Put 
# #processes = 2 
# ( 1 additional process waiting in MPI_Barrier)
#---------------------------------------------------
#
#    MODE: NON-AGGREGATE 
#
       #bytes #repetitions      t[usec]   Mbytes/sec
            0          100        95.83         0.00
            4          100       112.28         0.04
            8          100       110.18         0.07
           16          100       112.52         0.14
           32          100       113.56         0.28
           64          100       116.45         0.55
          128          100       175.85         0.73
          256          100       121.37         2.11
          512          100       123.22         4.16
         1024          100       136.16         7.52
         2048          100       129.59        15.80
         4096          100       121.52        33.71
         8192          100       143.34        57.15
        16384          100       162.55       100.79
        32768          100       253.02       129.51
        65536          100      2016.51        32.50
       131072          100      3971.73        33.00
       262144          100      7969.97        32.89
       524288           80     15041.61        34.86
      1048576           40     22620.62        46.35
      2097152           20     31004.09        67.64
      4194304           10     88729.85        47.27

#----------------------------------------------------------------
# Benchmarking Accumulate 
# #processes = 2 
# ( 1 additional process waiting in MPI_Barrier)
#----------------------------------------------------------------
#
#    MODE: AGGREGATE 
#
       #bytes #repetitions  t_min[usec]  t_max[usec]  t_avg[usec]
            0         1000         0.22         0.25         0.23
            4         1000         0.22         0.30         0.26
            8         1000         0.33         0.37         0.35
           16         1000         0.31         0.33         0.32
           32         1000         0.31         0.32         0.31
           64         1000         0.40         0.43         0.41
          128         1000         0.48         0.53         0.51
          256         1000         0.72         0.72         0.72
          512         1000         1.01         1.19         1.10
         1024         1000         2.12         2.16         2.14
         2048         1000         4.43         4.43         4.43
         4096         1000        68.55        96.80        82.67
         8192         1000        98.80        98.80        98.80
        16384         1000       202.04       202.09       202.07
        32768         1000       387.57       387.58       387.58
        65536          640      1569.04      1569.09      1569.06
       131072          320      2159.91      2163.06      2161.49
       262144          160      4461.43      4461.61      4461.52
       524288           80     11179.59     11179.80     11179.70
      1048576           40     17675.16     17676.30     17675.73
      2097152           20     30337.13     30338.54     30337.83
      4194304           10     60901.73     60902.96     60902.34

#----------------------------------------------------------------
# Benchmarking Accumulate 
# #processes = 2 
# ( 1 additional process waiting in MPI_Barrier)
#----------------------------------------------------------------
#
#    MODE: NON-AGGREGATE 
#
       #bytes #repetitions  t_min[usec]  t_max[usec]  t_avg[usec]
            0          100       103.01       103.19       103.10
            4          100       108.00       108.06       108.03
            8          100       102.07       102.21       102.14
           16          100       102.40       102.57       102.49
           32          100        96.61        96.94        96.77
           64          100       100.90       101.15       101.03
          128          100       106.82       107.96       107.39
          256          100       102.69       102.71       102.70
          512          100       101.12       101.13       101.12
         1024          100       103.92       103.94       103.93
         2048          100       110.01       110.04       110.03
         4096          100       109.69       109.88       109.78
         8192          100       117.16       117.51       117.34
        16384          100       127.59       128.08       127.84
        32768          100       168.19       168.75       168.47
        65536          100      1985.33      1985.48      1985.40
       131072          100      3924.80      3924.81      3924.80
       262144          100      5994.62      5994.65      5994.64
       524288           80     14970.68     14970.87     14970.78
      1048576           40     19969.63     19969.92     19969.77
      2097152           20     32387.05     34242.51     33314.78
      4194304           10     54858.01     59837.12     57347.56

#----------------------------------------------------------------
# Benchmarking Accumulate 
# #processes = 3 
#----------------------------------------------------------------
#
#    MODE: AGGREGATE 
#
       #bytes #repetitions  t_min[usec]  t_max[usec]  t_avg[usec]
            0         1000         0.19         0.22         0.21
            4         1000         0.39         0.40         0.40
            8         1000         0.35         0.44         0.39
           16         1000         0.36         0.42         0.39
           32         1000         0.60         0.63         0.62
           64         1000         1.46         1.52         1.48
          128         1000         0.64         0.70         0.66
          256         1000         0.46         1.11         0.89
          512         1000         0.74         1.80         1.45
         1024         1000         1.27         3.24         2.58
         2048         1000        20.86        21.04        20.98
         4096         1000        38.53        41.65        40.61
         8192         1000       100.75       100.81       100.78
        16384         1000       206.21       206.26       206.23
        32768         1000       415.39       415.40       415.40
