#------------------------------------------------------------
#    Intel(R) MPI Benchmarks 2019 Update 2, MPI-NBC part  
#------------------------------------------------------------
# Date                  : Mon Mar 25 14:29:39 2019
# Machine               : x86_64
# System                : Linux
# Release               : 4.14.91+
# Version               : #1 SMP Wed Jan 23 21:34:58 PST 2019
# MPI Version           : 3.1
# MPI Thread Environment: 


# Calling sequence was: 

# /home/openmpi/mpi-benchmarks/IMB-NBC

# Minimum message length in bytes:   0
# Maximum message length in bytes:   4194304
#
# MPI_Datatype                   :   MPI_BYTE 
# MPI_Datatype for reductions    :   MPI_FLOAT
# MPI_Op                         :   MPI_SUM  
#
#

# List of Benchmarks to run:

# Ibcast
# Iallgather
# Iallgatherv
# Igather
# Igatherv
# Iscatter
# Iscatterv
# Ialltoall
# Ialltoallv
# Ireduce
# Ireduce_scatter
# Iallreduce
# Ibarrier

#-----------------------------------------------------------------------------
# Benchmarking Ibcast 
# #processes = 2 
# ( 1 additional process waiting in MPI_Barrier)
#-----------------------------------------------------------------------------
       #bytes #repetitions t_ovrl[usec] t_pure[usec]  t_CPU[usec]   overlap[%]
            0         1000       783.53       253.51       487.04         0.00
            1         1000       901.71       287.70       512.57         0.00
            2         1000       983.59       341.42       689.00         6.80
            4         1000      1078.72       338.63       693.33         0.00
            8         1000       892.93       303.99       565.25         0.00
           16         1000       985.85       331.23       640.23         0.00
           32         1000       880.00       309.51       511.25         0.00
           64         1000       993.85       333.90       689.95         4.35
          128         1000       893.57       302.79       624.19         5.35
          256         1000       825.82       309.49       509.02         0.00
          512         1000       891.44       311.46       568.36         0.00
         1024         1000      1087.22       387.24       762.76         8.23
         2048         1000      1046.12       396.70       719.67         9.76
         4096         1000      1095.52       393.34       722.61         2.83
         8192         1000       989.78       347.86       642.46         0.08
        16384         1000      1398.18       491.71       934.93         3.04
        32768         1000      2577.80       988.12      1728.82         8.05
        65536          640      5610.44      1843.41      3118.68         0.00
       131072          320      9711.21      3702.22      6608.55         9.07
       262144          160     18102.69      7515.18     12591.43        15.91
       524288           80     32380.47     14972.99     23478.75        25.86
      1048576           40     50031.75     24725.22     38285.29        33.90
      2097152           20     95543.03     44801.19     69488.57        26.98
      4194304           10    110043.66     87146.39     70519.56        54.65

#-----------------------------------------------------------------------------
# Benchmarking Ibcast 
# #processes = 3 
#-----------------------------------------------------------------------------
       #bytes #repetitions t_ovrl[usec] t_pure[usec]  t_CPU[usec]   overlap[%]
            0         1000       497.58       143.24       328.14         0.00
            1         1000       364.01        97.82       211.46         0.00
            2         1000       611.49       226.34       422.46         8.83
            4         1000       294.05        89.22       147.64         0.00
            8         1000       425.41       112.35       216.97         0.00
           16         1000       482.34       113.05       224.34         0.00
           32         1000       528.16       156.58       378.06         1.72
           64         1000       333.27       151.03       182.69         0.25
          128         1000       345.96       101.03       102.36         0.00
          256         1000       855.16       234.55       582.39         0.00
          512         1000       372.28       108.19       213.74         0.00
         1024         1000       443.80       133.69       275.21         0.00
         2048         1000       551.14       205.27       363.60         4.88
         4096         1000       449.37       127.64       276.39         0.00
         8192         1000       550.49       171.72       295.53         0.00
        16384         1000      1431.61       491.02      1037.19         9.31
        32768         1000      2628.36      1076.18      1904.32        18.49
        65536          640      4941.81      2123.01      3716.73        24.16
       131072          320     10022.55      4613.09      8049.55        32.80
       262144          160     17763.44     10038.73     14788.26        47.76
       524288           80     31844.62     20026.66     27620.75        57.21
      1048576           40     51469.80     30737.51     39360.84        47.33
      2097152           20     94129.39     73166.59     80144.23        73.84
      4194304           10    187867.29     76385.78     91400.35         0.00

#-----------------------------------------------------------------------------
# Benchmarking Iallgather 
# #processes = 2 
# ( 1 additional process waiting in MPI_Barrier)
#-----------------------------------------------------------------------------
       #bytes #repetitions t_ovrl[usec] t_pure[usec]  t_CPU[usec]   overlap[%]
            0         1000       802.65       284.82       549.79         5.81
            1         1000       676.78       199.57       412.92         0.00
            2         1000       334.57       142.59       182.99         0.00
            4         1000       991.63       278.43       611.15         0.00
            8         1000       840.39       343.13       194.10         0.00
           16         1000       641.96       279.18       159.55         0.00
           32         1000       936.04       365.53       660.21        13.59
           64         1000       511.91       178.70       303.07         0.00
          128         1000       535.25       192.87       370.66         7.63
          256         1000       537.14       215.67       278.27         0.00
          512         1000       845.22       326.35       203.90         0.00
         1024         1000       765.75       214.61       481.35         0.00
         2048         1000       982.82       307.85       676.20         0.18
         4096         1000       682.55       203.64       459.69         0.00
         8192         1000      1089.93       372.81       599.72         0.00
        16384         1000      1154.74       374.61       665.76         0.00
        32768         1000      1842.50       697.29      1188.10         3.61
        65536          640      5465.59      1721.40      2652.21         0.00
       131072          320      9684.33      3401.54      6012.73         0.00
       262144          160     18746.85      7272.06     12369.27         7.23
       524288           80     33656.40     15040.50     24977.71        25.47
      1048576           40     49959.74     19907.41     35486.07        15.31
      2097152           20    100571.56     40780.21     71865.48        16.80
      4194304           10    184403.57     56565.32     45469.38         0.00

#-----------------------------------------------------------------------------
# Benchmarking Iallgather 
# #processes = 3 
#-----------------------------------------------------------------------------
       #bytes #repetitions t_ovrl[usec] t_pure[usec]  t_CPU[usec]   overlap[%]
            0         1000       882.61       447.68       287.23         0.00
            1         1000       879.43       433.31       219.76         0.00
            2         1000      1018.84       269.43       607.85         0.00
            4         1000      1035.82       421.39       214.25         0.00
            8         1000      1064.67       356.74       612.54         0.00
           16         1000      1033.58       288.07       660.28         0.00
           32         1000       921.84       418.57       246.01         0.00
           64         1000      1086.52       264.78       551.27         0.00
          128         1000       954.35       286.68       613.42         0.00
          256         1000       916.61       322.43       583.79         0.00
          512         1000       906.46       475.90       238.29         0.00
         1024         1000      1057.24       386.79       715.57         6.30
         2048         1000      1118.92       360.34       757.77         0.00
         4096         1000      1349.37       541.42       295.44         0.00
         8192         1000      1234.05       462.23       917.08        15.84
        16384         1000      1254.87       302.48       872.54         0.00
        32768         1000      2242.46       897.50      1460.04         7.88
        65536          640      5945.94      1490.90       789.08         0.00
       131072          320     12720.12      4229.25      6521.79         0.00
       262144          160     20992.58      8297.44     11697.97         0.00
       524288           80     35477.17     16255.22     21977.83        12.54
      1048576           40     65839.99     34168.50     34057.55         6.98
      2097152           20    102856.73     41045.82     49759.68         0.00
      4194304           10    199779.58     99998.36    101100.11         1.30

#-----------------------------------------------------------------------------
# Benchmarking Iallgatherv 
# #processes = 2 
# ( 1 additional process waiting in MPI_Barrier)
#-----------------------------------------------------------------------------
       #bytes #repetitions t_ovrl[usec] t_pure[usec]  t_CPU[usec]   overlap[%]
            0         1000       448.98       122.13       242.37         0.00
            1         1000       723.72       274.91       162.74         0.00
            2         1000       918.44       341.41       499.65         0.00
            4         1000       530.17       204.79       122.74         0.00
            8         1000       949.05       281.00       616.71         0.00
           16         1000       734.36       266.20       518.20         9.66
           32         1000       871.47       284.63       162.56         0.00
           64         1000       643.94       270.72       157.64         0.00
          128         1000       401.53       128.01       171.78         0.00
          256         1000       885.37       291.39       606.18         2.01
          512         1000       891.87       292.11       616.85         2.77
         1024         1000      1090.32       366.95       708.78         0.00
         2048         1000       850.64       217.76       522.57         0.00
         4096         1000      1175.80       375.26       608.08         0.00
         8192         1000       827.19       301.66       523.55         0.00
        16384         1000       908.62       299.48       521.83         0.00
        32768         1000      1401.00       456.50       963.27         1.95
        65536          640      5094.30      1543.35      2735.98         0.00
       131072          320      8837.70      3325.97      5222.89         0.00
       262144          160     15979.91      5931.97      9986.40         0.00
       524288           80     28785.82     12208.38     17097.24         3.04
      1048576           40     51938.57     20451.76     37357.10        15.71
      2097152           20     91501.58     37472.27     63903.41        15.45
      4194304           10    187311.87     93282.79    100866.57         6.78

#-----------------------------------------------------------------------------
# Benchmarking Iallgatherv 
# #processes = 3 
#-----------------------------------------------------------------------------
       #bytes #repetitions t_ovrl[usec] t_pure[usec]  t_CPU[usec]   overlap[%]
            0         1000       927.67       386.23       715.33        24.31
            1         1000      1103.24       348.37       846.69        10.84
            2         1000       793.85       280.96       499.58         0.00
            4         1000      1096.50       465.53       238.99         0.00
            8         1000      1281.25       342.83       179.92         0.00
           16         1000      1155.91       517.42       267.32         0.00
           32         1000       836.23       283.22       605.79         8.71
           64         1000      1068.47       315.29       171.11         0.00
          128         1000       962.08       211.52       522.30         0.00
          256         1000      1065.93       386.49       779.51        12.84
          512         1000       888.07       300.03       477.44         0.00
         1024         1000       885.85       218.54       528.85         0.00
         2048         1000      1128.15       338.42       650.91         0.00
         4096         1000      1126.65       458.21       717.02         6.77
         8192         1000      1287.23       338.82       841.06         0.00
        16384         1000      1299.07       481.57       877.03         6.79
        32768         1000      2666.23      1064.48      1964.57        18.47
        65536          640      6590.16      2232.62      3909.33         0.00
       131072          320     11260.88      4046.07      6549.21         0.00
       262144          160     22000.41      7691.36     12298.63         0.00
       524288           80     47026.70     20456.50     33919.24        21.67
      1048576           40     86332.88     38201.95     56062.42        14.15
      2097152           20    100225.54     42894.60     50595.30         0.00
      4194304           10    200723.24     93694.92     88328.32         0.00

#-----------------------------------------------------------------------------
# Benchmarking Igather 
# #processes = 2 
# ( 1 additional process waiting in MPI_Barrier)
#-----------------------------------------------------------------------------
       #bytes #repetitions t_ovrl[usec] t_pure[usec]  t_CPU[usec]   overlap[%]
            0         1000       878.08       304.73       169.19         0.00
            1         1000       509.17       307.39       213.87         3.93
            2         1000       648.16       306.53       172.81         0.00
            4         1000       881.22       307.65       173.53         0.00
            8         1000       932.00       385.50       214.85         0.00
           16         1000      1080.80       382.70       216.14         0.00
           32         1000       924.16       379.11       211.35         0.00
           64         1000       804.69       307.07       169.67         0.00
          128         1000       573.86       311.27       172.88         0.00
          256         1000       922.16       389.34       210.32         0.00
          512         1000       926.68       389.35       218.78         0.00
         1024         1000       992.72       394.15       211.33         0.00
         2048         1000       686.21       227.62       129.42         0.00
         4096         1000       823.85       319.44       183.35         0.00
         8192         1000       942.31       407.52       260.04         0.00
        16384         1000      1233.28       497.95       282.67         0.00
        32768         1000      1749.38       782.96       420.02         0.00
        65536          640      4860.86      1699.30       900.76         0.00
       131072          320      9051.11      3423.72      1802.99         0.00
       262144          160     18074.46      7413.86      3959.51         0.00
       524288           80     19968.34      7640.22      4219.53         0.00
      1048576           40     50007.96     22192.69     11301.73         0.00
      2097152           20     90042.86     44997.16     26273.69         0.00
      4194304           10    152777.81     92977.75     84323.03        26.38

#-----------------------------------------------------------------------------
# Benchmarking Igather 
# #processes = 3 
#-----------------------------------------------------------------------------
       #bytes #repetitions t_ovrl[usec] t_pure[usec]  t_CPU[usec]   overlap[%]
            0         1000        82.48        57.76        73.08        66.18
            1         1000        95.56       169.51        87.86        95.46
            2         1000       186.84        57.30       129.65         0.08
            4         1000        61.85         7.57         3.71         0.00
            8         1000        59.93        89.70        50.44        89.42
           16         1000        16.59        12.66         6.94        23.70
           32         1000        60.05         7.73         4.18         0.00
           64         1000        93.74         8.16         5.60         0.00
          128         1000       199.00        73.75        37.68         0.00
          256         1000       207.16        13.89         9.89         0.00
          512         1000       140.33        58.37       130.88        37.38
         1024         1000       103.76       167.68        91.09        92.45
         2048         1000       143.14       102.90        55.92        15.24
         4096         1000       197.52       196.05       111.21        55.98
         8192         1000       185.27       121.65        77.05        11.03
        16384         1000       109.42        69.11        55.42        21.86
        32768         1000       312.86       207.11       125.91         9.74
        65536          640      2901.50      1449.25       732.60         0.00
       131072          320      4459.83      2568.64      1305.08         0.00
       262144          160      8880.95      2579.88      1365.61         0.00
       524288           80     14595.79      3412.02      1858.05         0.00
      1048576           40     29179.99     13700.51      7413.27         0.00
      2097152           20     21034.77     27437.40     13799.30        73.63
      4194304           10     54716.32     42209.75     35470.40        54.40

#-----------------------------------------------------------------------------
# Benchmarking Igatherv 
# #processes = 2 
# ( 1 additional process waiting in MPI_Barrier)
#-----------------------------------------------------------------------------
       #bytes #repetitions t_ovrl[usec] t_pure[usec]  t_CPU[usec]   overlap[%]
            0         1000       939.77       386.87       233.74         0.00
            1         1000       792.70       307.31       167.78         0.00
            2         1000       800.78       307.21       167.06         0.00
            4         1000       788.38       302.70       164.97         0.00
            8         1000      1000.50       385.24       212.71         0.00
           16         1000       987.81       386.70       214.07         0.00
           32         1000       992.45       389.60       216.65         0.00
           64         1000      1002.50       385.70       213.91         0.00
          128         1000      1074.26       386.94       265.11         0.00
          256         1000      1178.05       400.94       235.54         0.00
          512         1000      1087.52       392.65       226.70         0.00
         1024         1000      1084.76       395.72       227.75         0.00
         2048         1000      1127.66       464.39       264.22         0.00
         4096         1000       924.77       393.80       214.10         0.00
         8192         1000       585.84       324.36       179.99         0.00
        16384         1000      1217.74       477.94       263.14         0.00
        32768         1000      1962.22       758.10       424.90         0.00
        65536          640      5311.44      1851.98      1007.63         0.00
       131072          320      7796.67      3111.85      1888.85         0.00
       262144          160     17594.09      7407.87      3908.19         0.00
       524288           80     31126.93     14711.67      7628.52         0.00
      1048576           40     49653.59     24977.23     13945.73         0.00
      2097152           20     95029.82     49541.57     27635.99         0.00
      4194304           10    142267.91     73203.50     81515.50        15.27

#-----------------------------------------------------------------------------
# Benchmarking Igatherv 
# #processes = 3 
#-----------------------------------------------------------------------------
       #bytes #repetitions t_ovrl[usec] t_pure[usec]  t_CPU[usec]   overlap[%]
            0         1000        95.59        14.41         8.43         0.00
            1         1000        52.59        80.71        44.66        90.18
            2         1000        15.84         9.16         5.20         0.00
            4         1000        82.24         6.33         3.58         0.00
            8         1000        25.78         8.91         5.16         0.00
           16         1000       301.68       263.73       146.70        41.24
           32         1000        97.80        22.11        11.73         0.00
           64         1000        14.84         8.31         4.80         0.00
          128         1000        94.06         8.04         4.42         0.00
          256         1000       357.17        12.98         9.73         0.00
          512         1000       188.97        57.45       179.46        26.71
         1024         1000       140.66        58.67       129.87        36.86
         2048         1000       182.49        58.22       124.88         0.49
         4096         1000        61.91         8.36         4.43         0.00
         8192         1000       213.92        45.57        36.25         0.00
        16384         1000       314.78       147.96       115.72         0.00
        32768         1000       423.50       227.04       136.68         0.00
        65536          640      2422.56      1250.36       623.47         0.00
       131072          320      4392.78      2594.44      1316.45         0.00
       262144          160      9514.67      6032.70      3710.24         3.78
       524288           80     18917.93     10728.97      6831.44         0.00
      1048576           40     24520.58     12481.81      6339.72         0.00
      2097152           20     41049.74     19305.72     10180.75         0.00
      4194304           10    100724.32     40798.11     21074.94         0.00

#-----------------------------------------------------------------------------
# Benchmarking Iscatter 
# #processes = 2 
# ( 1 additional process waiting in MPI_Barrier)
#-----------------------------------------------------------------------------
       #bytes #repetitions t_ovrl[usec] t_pure[usec]  t_CPU[usec]   overlap[%]
            0         1000       987.71       345.03       636.09         0.00
            1         1000       848.53       304.73       573.49         5.18
            2         1000       971.85       306.18       575.34         0.00
            4         1000       887.22       309.79       567.34         0.00
            8         1000       788.92       257.53       549.66         3.32
           16         1000       855.10       308.18       481.26         0.00
           32         1000       741.49       256.15       499.23         2.78
           64         1000       907.25       334.60       541.69         0.00
          128         1000       743.37       258.46       453.45         0.00
          256         1000       777.66       212.17       504.16         0.00
          512         1000      1047.22       389.15       715.38         8.01
         1024         1000      1095.10       391.95       769.12         8.58
         2048         1000      1093.22       393.30       721.27         2.96
         4096         1000      1176.93       398.95       820.06         5.13
         8192         1000      1106.51       405.94       774.40         9.53
        16384         1000      1378.94       504.23       864.22         0.00
        32768         1000      2396.61       889.81      1490.79         0.00
        65536          640      5436.69      1729.08      2885.42         0.00
       131072          320     10038.55      3751.84      6672.53         5.78
       262144          160     17466.82      7082.45     11622.39        10.65
       524288           80     32592.51     13856.53     22976.77        18.46
      1048576           40     49931.61     27542.99     39516.29        43.34
      2097152           20     95353.78     47978.04     71018.24        33.29
      4194304           10    125886.75     87118.72     62789.22        27.57

#-----------------------------------------------------------------------------
# Benchmarking Iscatter 
# #processes = 3 
#-----------------------------------------------------------------------------
       #bytes #repetitions t_ovrl[usec] t_pure[usec]  t_CPU[usec]   overlap[%]
            0         1000       621.39       211.65       369.62         0.00
            1         1000       538.60        90.63       350.72         0.00
            2         1000       450.05       147.71       234.76         0.00
            4         1000       472.17        93.72       256.00         0.00
            8         1000       606.99       211.00       365.12         0.00
           16         1000       474.03       134.50       229.40         0.00
           32         1000       288.68        85.26       153.48         0.00
           64         1000       367.05        97.80       160.15         0.00
          128         1000       710.55       208.80       417.97         0.00
          256         1000       300.98       110.10       165.64         0.00
          512         1000       367.94       108.08       215.29         0.00
         1024         1000       395.08       167.79       241.17         5.75
         2048         1000       560.39       168.00       341.44         0.00
         4096         1000       467.63       168.55       297.84         0.00
         8192         1000       583.88       200.06       410.24         6.44
        16384         1000       920.40       324.66       598.30         0.43
        32768         1000      2906.10      1143.11      2248.82        21.60
        65536          640      6787.29      2917.03      4823.84        19.77
       131072          320     10784.30      4970.01      7532.02        22.81
       262144          160     24518.71     10041.83     17404.13        16.82
       524288           80     42841.77     19478.96     30188.11        22.61
      1048576           40     62712.36     37885.45     44409.11        44.09
      2097152           20     81462.73     56168.38     49367.62        42.86
      4194304           10    199769.26     90360.43     46868.41         0.00

#-----------------------------------------------------------------------------
# Benchmarking Iscatterv 
# #processes = 2 
# ( 1 additional process waiting in MPI_Barrier)
#-----------------------------------------------------------------------------
       #bytes #repetitions t_ovrl[usec] t_pure[usec]  t_CPU[usec]   overlap[%]
            0         1000      1102.62       392.92       754.16         5.90
            1         1000       999.49       345.37       651.62         0.00
            2         1000       982.17       309.01       629.16         0.00
            4         1000       695.16       238.65       483.97         5.67
            8         1000      1211.44       470.46       810.07         8.53
           16         1000       892.08       308.47       624.39         6.53
           32         1000       738.17       255.27       497.17         2.87
           64         1000       835.31       304.88       516.17         0.00
          128         1000       990.83       335.21       592.09         0.00
          256         1000      1050.09       387.35       670.74         1.19
          512         1000       990.45       342.36       642.21         0.00
         1024         1000       979.53       311.70       681.13         1.95
         2048         1000      1150.30       388.05       820.43         7.09
         4096         1000      1122.46       390.63       731.50         0.00
         8192         1000      1202.92       417.53       840.62         6.57
        16384         1000      1476.92       501.48      1031.42         5.43
        32768         1000      2433.27       897.31      1647.80         6.79
        65536          640      5798.97      2014.96      3418.30         0.00
       131072          320      9951.16      3750.26      6597.23         6.01
       262144          160     19991.09      8098.31     14361.11        17.19
       524288           80     33739.39     15971.07     25348.18        29.90
      1048576           40     50004.91     27387.02     39633.11        42.93
      2097152           20    100544.00     44975.13     74082.96        24.99
      4194304           10    107118.17     83268.22     51164.31        32.80

#-----------------------------------------------------------------------------
# Benchmarking Iscatterv 
# #processes = 3 
#-----------------------------------------------------------------------------
       #bytes #repetitions t_ovrl[usec] t_pure[usec]  t_CPU[usec]   overlap[%]
            0         1000       640.63       193.41       402.29         0.00
            1         1000       475.29       191.19       300.79         5.55
            2         1000       552.32       186.02       359.91         0.00
            4         1000       485.15       122.03       273.27         0.00
            8         1000       502.05       140.94       327.92         0.00
           16         1000       573.40       200.43       320.89         0.00
           32         1000       530.72       144.97       288.51         0.00
           64         1000       584.06       206.64       367.82         0.00
          128         1000       652.94       194.26       455.71         0.00
          256         1000       401.98        82.28       251.06         0.00
          512         1000       299.63       100.99       107.87         0.00
         1024         1000       440.38       114.41       264.33         0.00
         2048         1000       702.02       270.21       401.37         0.00
         4096         1000       560.15       162.42       291.51         0.00
         8192         1000       904.70       277.78       659.29         4.91
        16384         1000      1155.76       391.63       832.26         8.19
        32768         1000      1947.12       762.41      1233.02         3.92
        65536          640      6074.86      2713.53      4407.53        23.74
       131072          320     10610.02      4400.43      6877.28         9.71
       262144          160     22969.97      9744.19     16230.07        18.51
       524288           80     45058.94     19545.72     31751.68        19.65
      1048576           40     63570.65     36215.93     48229.14        43.28
      2097152           20    104895.91     65312.72     68985.25        42.62
      4194304           10    191026.78     99773.86    101024.87         9.67

#-----------------------------------------------------------------------------
# Benchmarking Ialltoall 
# #processes = 2 
# ( 1 additional process waiting in MPI_Barrier)
#-----------------------------------------------------------------------------
       #bytes #repetitions t_ovrl[usec] t_pure[usec]  t_CPU[usec]   overlap[%]
            0         1000       733.89       281.80       510.38        11.42
            1         1000       664.22       186.13       451.60         0.00
            2         1000       485.88       273.70       156.31         0.00
            4         1000       796.39       265.64       550.07         3.51
            8         1000       685.92       209.95       375.13         0.00
           16         1000       701.33       222.83       483.18         0.97
           32         1000       604.59       202.63       415.43         3.24
           64         1000       601.94       193.02       410.51         0.39
          128         1000       887.58       284.47       168.01         0.00
          256         1000       724.83       284.62       159.67         0.00
          512         1000       674.89       203.90       359.68         0.00
         1024         1000       635.64       274.43       185.12         0.00
         2048         1000       727.61       285.88       167.16         0.00
         4096         1000       612.26       215.71       417.89         5.11
         8192         1000      1105.38       381.80       719.07         0.00
        16384         1000       616.53       236.85       361.13         0.00
        32768         1000      2495.49       867.50      1542.35         0.00
        65536          640      4665.03      1465.27      2479.84         0.00
       131072          320     10218.08       830.83       449.44         0.00
       262144          160     19348.26      7414.18     13304.52        10.30
       524288           80     33589.76      5674.41      2892.76         0.00
      1048576           40     44239.06     18104.80     29314.44        10.85
      2097152           20     99126.24     40287.88     69018.44        14.75
      4194304           10    154889.79     99023.04    100296.77        44.30

#-----------------------------------------------------------------------------
# Benchmarking Ialltoall 
# #processes = 3 
#-----------------------------------------------------------------------------
       #bytes #repetitions t_ovrl[usec] t_pure[usec]  t_CPU[usec]   overlap[%]
            0         1000       990.82       536.90       269.66         0.00
            1         1000      1084.30       416.74       225.45         0.00
            2         1000       975.49       437.01       560.87         3.99
            4         1000       820.81       319.08       578.16        13.22
            8         1000       928.71       268.43       601.75         0.00
           16         1000       880.58       387.60       205.11         0.00
           32         1000      1213.58       452.53       758.72         0.00
           64         1000       965.50       457.35       287.75         0.00
          128         1000      1016.39       247.15       595.99         0.00
          256         1000      1149.83       437.84       222.68         0.00
          512         1000      1245.27       456.04       854.34         7.62
         1024         1000      1020.24       253.66       546.30         0.00
         2048         1000      1155.03       293.39       819.79         0.00
         4096         1000      1022.74       365.54       706.35         6.96
         8192         1000      1313.19       470.13       791.56         0.00
        16384         1000      1458.41       512.31       999.39         5.33
        32768         1000      2446.12       871.07      1788.27        11.92
        65536          640      6513.67      1421.86       744.43         0.00
       131072          320     12076.17      4526.04      7411.56         0.00
       262144          160     20426.31      8077.14     11919.95         0.00
       524288           80     34235.40     15891.01     21513.82        14.73
      1048576           40     56077.88     33376.86     31642.93        26.79
      2097152           20     96235.94     50230.90     32928.56         0.00
      4194304           10    199869.61     99751.97    100846.85         0.72

#-----------------------------------------------------------------------------
# Benchmarking Ialltoallv 
# #processes = 2 
# ( 1 additional process waiting in MPI_Barrier)
#-----------------------------------------------------------------------------
       #bytes #repetitions t_ovrl[usec] t_pure[usec]  t_CPU[usec]   overlap[%]
            0         1000         1.07         0.58         0.53         5.45
            1         1000       655.21       289.98       169.70         0.00
            2         1000       840.92       284.62       529.31         0.00
            4         1000       671.45       293.17       179.72         0.00
            8         1000       500.04       287.11       169.80         0.00
           16         1000       799.86       268.11       501.85         0.00
           32         1000       569.02       267.39       160.64         0.00
           64         1000       888.36       285.51       515.75         0.00
          128         1000       596.57       189.45       309.40         0.00
          256         1000      1115.31       375.30       725.06         0.00
          512         1000      1181.35       371.88       764.96         0.00
         1024         1000       987.12       287.49       522.80         0.00
         2048         1000       539.50       211.99       372.85        12.16
         4096         1000       498.43       291.09       164.33         0.00
         8192         1000       978.15       298.87       581.28         0.00
        16384         1000      1491.81       482.22       883.57         0.00
        32768         1000      2194.43       769.94      1482.35         3.90
        65536          640      5164.39      1608.59      2741.47         0.00
       131072          320      9435.51      3632.78      5392.09         0.00
       262144          160     19167.55      7260.32     12637.41         5.78
       524288           80     33664.83     14940.08     24678.51        24.13
      1048576           40     50242.02     28493.25     40680.58        46.54
      2097152           20     88041.08     35133.20     61065.03        13.36
      4194304           10    129295.04     79008.40     64118.76        17.51

#-----------------------------------------------------------------------------
# Benchmarking Ialltoallv 
# #processes = 3 
#-----------------------------------------------------------------------------
       #bytes #repetitions t_ovrl[usec] t_pure[usec]  t_CPU[usec]   overlap[%]
            0         1000         1.93         0.64         1.36         5.11
            1         1000       719.07       235.16       487.41         0.72
            2         1000       789.55       275.02       420.83         0.00
            4         1000       990.03       282.08       574.55         0.00
            8         1000       837.81       349.50       553.23        11.73
           16         1000      1050.63       397.52       229.74         0.00
           32         1000       962.26       538.19       270.44         0.00
           64         1000      1111.63       451.22       798.97        17.34
          128         1000       834.95       220.76       473.44         0.00
          256         1000       849.69       393.70       665.36        31.47
          512         1000       977.78       425.51       274.77         0.00
         1024         1000      1224.27       571.19       373.71         0.00
         2048         1000      1126.33       290.93       774.57         0.00
         4096         1000      1125.40       334.39       796.25         0.66
         8192         1000      1176.83       371.70       781.32         0.00
        16384         1000      1501.85       708.80       392.01         0.00
        32768         1000      2243.66       784.77      1486.50         1.86
        65536          640      7118.61       970.20       504.60         0.00
       131072          320     12679.05      4585.18      7131.29         0.00
       262144          160     22134.86      8556.88     13638.52         0.44
       524288           80     35320.65     16410.71     20882.41         9.45
      1048576           40     72829.01     37104.90     38659.89         7.59
      2097152           20    101758.77     49496.02     47171.97         0.00
      4194304           10    197190.46     99906.12    100968.50         3.65

#-----------------------------------------------------------------------------
# Benchmarking Ireduce 
# #processes = 2 
# ( 1 additional process waiting in MPI_Barrier)
#-----------------------------------------------------------------------------
       #bytes #repetitions t_ovrl[usec] t_pure[usec]  t_CPU[usec]   overlap[%]
            0         1000         0.72         0.13         0.55         0.00
            4         1000       768.03       383.13       215.63         0.00
            8         1000       699.61       363.92       220.01         0.00
           16         1000       750.67       390.25       208.17         0.00
           32         1000       456.08       235.73       131.20         0.00
           64         1000       425.89       306.81       231.55        36.66
          128         1000       565.81       304.21       167.00         0.00
          256         1000       500.79       308.40       180.56         0.00
          512         1000       347.97       312.63       177.97        45.62
         1024         1000       352.77       315.59       182.84        46.16
         2048         1000       765.65       391.04       216.54         0.00
         4096         1000       617.10       398.79       235.10         4.21
         8192         1000       591.10       483.94       267.15        33.06
        16384         1000       418.70       433.10       239.65        58.66
        32768         1000      1106.82       710.03       384.83         0.00
        65536          640      1278.90       161.43       326.81         0.00
       131072          320      2893.14       171.09       249.58         0.00
       262144          160      4711.79      5475.83      2951.45        67.85
       524288           80     13472.57      1887.96      1161.78         0.00
      1048576           40     11270.09     15438.00      8288.64        80.69
      2097152           20     29843.26      4789.33     24958.91         0.00
      4194304           10     74539.00     18628.77     18111.88         0.00

#-----------------------------------------------------------------------------
# Benchmarking Ireduce 
# #processes = 3 
#-----------------------------------------------------------------------------
       #bytes #repetitions t_ovrl[usec] t_pure[usec]  t_CPU[usec]   overlap[%]
            0         1000         0.63         0.16         0.44         0.00
            4         1000       197.99        11.63         5.95         0.00
            8         1000       239.93        57.32       181.48         0.00
           16         1000       311.61         8.72         4.21         0.00
           32         1000       280.44        56.42       129.13         0.00
           64         1000       161.18         9.67         4.82         0.00
          128         1000       286.72        59.28        85.60         0.00
          256         1000       224.46         9.32         5.01         0.00
          512         1000       363.22        66.87       185.94         0.00
         1024         1000       207.06        29.42        17.12         0.00
         2048         1000       282.45        29.38        15.29         0.00
         4096         1000       218.33        62.72        34.73         0.00
         8192         1000       298.60        10.26         5.21         0.00
        16384         1000       253.72        15.04         7.57         0.00
        32768         1000       332.76        13.14         9.34         0.00
        65536          640      2544.18       652.65       979.79         0.00
       131072          320      7285.24      1951.07      3395.19         0.00
       262144          160     14265.06      4438.95      7711.56         0.00
       524288           80     19763.64      6115.32     12807.47         0.00
      1048576           40     36502.65     11593.45      7561.73         0.00
      2097152           20     67394.33     30509.28     19989.28         0.00
      4194304           10    111039.77     59007.53     72408.56        28.14

#-----------------------------------------------------------------------------
# Benchmarking Ireduce_scatter 
# #processes = 2 
# ( 1 additional process waiting in MPI_Barrier)
#-----------------------------------------------------------------------------
       #bytes #repetitions t_ovrl[usec] t_pure[usec]  t_CPU[usec]   overlap[%]
            0         1000         0.64         0.13         0.49         0.00
            4         1000      1200.51       395.98       744.10         0.00
            8         1000      1295.01       423.53       855.64         0.00
           16         1000      1093.32       347.74       708.82         0.00
           32         1000      1137.09       380.70       722.68         0.00
           64         1000      1245.55       476.46       800.92         3.97
          128         1000      1189.43       405.63       791.59         0.99
          256         1000      1302.72       445.02       907.92         5.53
          512         1000      1395.75       495.90       879.58         0.00
         1024         1000      1176.29       404.83       764.44         0.00
         2048         1000      1350.22       494.66       821.54         0.00
         4096         1000      1458.95       497.17      1032.65         6.86
         8192         1000      1769.04       609.60      1181.50         1.87
        16384         1000      2490.79       921.38      1729.49         9.26
        32768         1000      6143.52      1977.22      3267.62         0.00
        65536          640     11069.07      3669.12      6682.75         0.00
       131072          320     19652.27      6893.90     12126.59         0.00
       262144          160     33654.40     14302.57     24147.50        19.86
       524288           80     50006.37     27620.51     39898.75        43.89
      1048576           40    100045.36     45276.46     74644.54        26.63
      2097152           20    194972.02     94858.50    103937.37         3.68
      4194304           10    283803.05    119693.95    149985.85         0.00

#-----------------------------------------------------------------------------
# Benchmarking Ireduce_scatter 
# #processes = 3 
#-----------------------------------------------------------------------------
       #bytes #repetitions t_ovrl[usec] t_pure[usec]  t_CPU[usec]   overlap[%]
            0         1000         0.65         0.15         0.48         0.00
            4         1000      1487.65       525.76      1046.68         8.10
            8         1000      1254.92       440.27       709.54         0.00
           16         1000      1385.82       553.05       955.65        12.86
           32         1000      1459.82       469.49       811.39         0.00
           64         1000      1269.50       432.16       800.06         0.00
          128         1000      1795.67       661.17      1321.83        14.17
          256         1000      1880.02       359.51       692.74         0.00
          512         1000      1529.33       452.47       850.60         0.00
         1024         1000      1264.47       525.87       797.98         7.44
         2048         1000      1781.27       690.32      1216.68        10.33
         4096         1000      1692.08       660.74      1133.49         9.01
         8192         1000      2162.21       759.71      1421.33         1.32
        16384         1000      2542.14       985.41      1746.19        10.85
        32768         1000      8823.28      2567.26      4347.79         0.00
        65536          640     19137.33      6080.60      9292.45         0.00
       131072          320     32926.18     11333.66     21022.15         0.00
       262144          160     49763.51     23503.65     36870.70        28.78
       524288 time-out.; Time limit (secs_per_sample * msg_sizes_list_len) is over; use "-time X" or SECS_PER_SAMPLE=X (IMB_settings.h) to increase time limit.

#-----------------------------------------------------------------------------
# Benchmarking Iallreduce 
# #processes = 2 
# ( 1 additional process waiting in MPI_Barrier)
#-----------------------------------------------------------------------------
       #bytes #repetitions t_ovrl[usec] t_pure[usec]  t_CPU[usec]   overlap[%]
            0         1000         0.64         0.12         0.49         0.00
            4         1000      1192.62       397.96       781.74         0.00
            8         1000      1007.85       387.32       641.59         3.28
           16         1000      1196.01       401.48       829.63         4.23
           32         1000       991.91       352.87       571.66         0.00
           64         1000      1284.66       402.97       733.75         0.00
          128         1000      1388.82       439.56       859.40         0.00
          256         1000      1429.43       500.34       895.18         0.00
          512         1000      1393.11       478.49       928.36         1.48
         1024         1000      1392.42       483.46       926.58         1.90
         2048         1000      1289.44       491.93       879.06         9.28
         4096         1000      1337.97       495.69       872.90         3.51
         8192         1000      1357.06       501.55       824.69         0.00
        16384         1000      2187.32       785.33      1391.14         0.00
        32768         1000      2691.97       993.78      1798.23         5.56
        65536          640      7077.07      2044.70      3501.93         0.00
       131072          320     11238.29      3636.85      6483.11         0.00
       262144          160     20712.40      7620.87     12032.83         0.00
       524288           80     32736.87     15228.79     23716.83        26.18
      1048576           40     50027.93     27927.73     40258.54        45.10
      2097152           20    100597.78     55159.00     78978.47        42.47
      4194304           10    205038.68    102114.65    114076.05         9.78

#-----------------------------------------------------------------------------
# Benchmarking Iallreduce 
# #processes = 3 
#-----------------------------------------------------------------------------
       #bytes #repetitions t_ovrl[usec] t_pure[usec]  t_CPU[usec]   overlap[%]
            0         1000         0.60         0.11         0.45         0.00
            4         1000      1297.30       408.38       786.52         0.00
            8         1000      1174.03       358.06       603.11         0.00
           16         1000      1271.43       417.88       683.19         0.00
           32         1000      1651.08       590.73      1170.02         9.37
           64         1000      1324.87       465.80       864.41         0.62
          128         1000      1270.72       440.54       754.30         0.00
          256         1000      1757.02       599.00      1037.74         0.00
          512         1000      1503.16       547.72      1060.11         9.87
         1024         1000      1713.15       369.94       789.82         0.00
         2048         1000      1665.51       492.45      1027.01         0.00
         4096         1000      1829.85       647.11      1281.44         7.70
         8192         1000      1888.04       731.57      1294.82        10.68
        16384         1000      2535.34       917.16      1773.79         8.77
        32768         1000      2529.59       961.27      1647.00         4.78
        65536          640     10907.34      3310.09      5506.68         0.00
       131072          320     17138.92      5628.45      8618.06         0.00
       262144          160     25230.84      8981.94     15758.74         0.00
       524288           80     48481.36     19402.06     32926.54        11.68
      1048576           40     95205.39     39559.79     69474.52        19.91
      2097152           20    160503.31     75340.06     81116.58         0.00
      4194304           10    355310.90    154873.90    155639.26         0.00

#----------------------------------------------------------------
# Benchmarking Ibarrier 
# #processes = 2 
# ( 1 additional process waiting in MPI_Barrier)
#----------------------------------------------------------------
 #repetitions t_ovrl[usec] t_pure[usec]  t_CPU[usec]   overlap[%]
         1000       588.99       172.16       352.51         0.00

#----------------------------------------------------------------
# Benchmarking Ibarrier 
# #processes = 3 
#----------------------------------------------------------------
 #repetitions t_ovrl[usec] t_pure[usec]  t_CPU[usec]   overlap[%]
         1000      1394.92       404.23       224.03         0.00


# All processes entering MPI_Finalize

