#------------------------------------------------------------
#    Intel(R) MPI Benchmarks 2019 Update 2, MPI-RMA part  
#------------------------------------------------------------
# Date                  : Mon Mar 25 14:18:07 2019
# Machine               : x86_64
# System                : Linux
# Release               : 4.14.91+
# Version               : #1 SMP Wed Jan 23 21:34:58 PST 2019
# MPI Version           : 3.1
# MPI Thread Environment: 


# Calling sequence was: 

# /home/openmpi/mpi-benchmarks/IMB-RMA 

# Minimum message length in bytes:   0
# Maximum message length in bytes:   4194304
#
# MPI_Datatype                   :   MPI_BYTE 
# MPI_Datatype for reductions    :   MPI_FLOAT
# MPI_Op                         :   MPI_SUM  
# 
# 

# List of Benchmarks to run:

# Unidir_put
# Bidir_put
# Unidir_get
# Bidir_get
# Put_local
# Put_all_local
# One_put_all
# All_put_all
# One_get_all
# All_get_all
# Exchange_put
# Exchange_get
# Accumulate
# Get_accumulate
# Fetch_and_op
# Compare_and_swap
#     Uses MPI_INT data type
# Truly_passive_put
#     The benchmark measures execution time of MPI_Put for 2 cases:
#     1) The target is waiting in MPI_Barrier call (t_pure value)
#     2) The target performs computation and then enters MPI_Barrier routine (t_ovrl value)

#---------------------------------------------------
# Benchmarking Unidir_put 
# #processes = 2 
# ( 1 additional process waiting in MPI_Barrier)
#---------------------------------------------------
#
#    MODE: NON-AGGREGATE 
#
       #bytes #repetitions      t[usec]   Mbytes/sec
            0          100        82.27         0.00
            1          100        72.24         0.01
            2          100      1244.12         0.00
            4          100        72.34         0.06
            8          100        77.42         0.10
           16          100        72.92         0.22
           32          100        79.72         0.40
           64          100        81.70         0.78
          128          100        78.13         1.64
          256          100        81.80         3.13
          512          100        79.02         6.48
         1024          100       143.49         7.14
         2048          100        86.22        23.75
         4096          100        89.85        45.59
         8192          100       114.76        71.38
        16384          100       123.51       132.65
        32768          100       274.76       119.26
        65536          100      2007.15        32.65
       131072          100      4801.75        27.30
       262144          100      7010.20        37.39
       524288           80     14073.22        37.25
      1048576           40     28012.21        37.43
      2097152           20     44994.88        46.61
      4194304           10     71681.09        58.51

#---------------------------------------------------
# Benchmarking Unidir_put 
# #processes = 2 
# ( 1 additional process waiting in MPI_Barrier)
#---------------------------------------------------
#
#    MODE: AGGREGATE 
#
       #bytes #repetitions      t[usec]   Mbytes/sec
            0         1000         0.17         0.00
            1         1000         0.29         3.45
            2         1000         0.32         6.28
            4         1000         0.30        13.18
            8         1000         0.31        25.44
           16         1000         0.34        47.57
           32         1000         0.36        88.31
           64         1000         0.42       154.13
          128         1000         0.49       263.76
          256         1000         0.76       336.39
          512         1000         1.14       450.36
         1024         1000         2.22       462.01
         2048         1000         4.66       439.65
         4096         1000        80.79        50.70
         8192         1000        99.08        82.68
        16384         1000       198.24        82.65
        32768         1000       383.76        85.39
        65536          640       786.03        83.38
       131072          320      1805.54        72.59
       262144          160      3753.17        69.85
       524288           80      6253.09        83.84
      1048576           40     14463.61        72.50
      2097152           20     25954.30        80.80
      4194304           10     59955.51        69.96

#---------------------------------------------------
# Benchmarking Bidir_put 
# #processes = 2 
# ( 1 additional process waiting in MPI_Barrier)
#---------------------------------------------------
#
#    MODE: NON-AGGREGATE 
#
       #bytes #repetitions      t[usec]   Mbytes/sec
            0          100        96.76         0.00
            1          100       105.26         0.01
            2          100        98.09         0.02
            4          100       114.44         0.03
            8          100       108.26         0.07
           16          100       112.19         0.14
           32          100       102.33         0.31
           64          100       107.27         0.60
          128          100        99.17         1.29
          256          100       108.84         2.35
          512          100       104.98         4.88
         1024          100       110.65         9.25
         2048          100       109.51        18.70
         4096          100       116.62        35.12
         8192          100       143.79        56.97
        16384          100       254.70        64.33
        32768          100       260.45       125.81
        65536          100      1998.56        32.79
       131072          100      4009.50        32.69
       262144          100      7985.68        32.83
       524288           80     16141.93        32.48
      1048576           40     25012.48        41.92
      2097152           20     49057.24        42.75
      4194304           10    101119.15        41.48

#---------------------------------------------------
# Benchmarking Bidir_put 
# #processes = 2 
# ( 1 additional process waiting in MPI_Barrier)
#---------------------------------------------------
#
#    MODE: AGGREGATE 
#
       #bytes #repetitions      t[usec]   Mbytes/sec
            0         1000         0.23         0.00
            1         1000         0.45         2.21
            2         1000         0.40         5.00
            4         1000         0.38        10.49
            8         1000         0.40        20.12
           16         1000         0.53        30.15
           32         1000         0.51        62.37
           64         1000         4.38        14.62
          128         1000         0.84       152.59
          256         1000         1.06       241.97
          512         1000         1.94       264.16
         1024         1000         3.69       277.45
         2048         1000         9.68       211.56
         4096         1000        31.79       128.83
         8192         1000       176.90        46.31
        16384         1000       190.24        86.12
        32768         1000       551.95        59.37
        65536          640      1643.38        39.88
       131072          320      3425.17        38.27
       262144          160      6268.80        41.82
       524288           80     12300.61        42.62
      1048576           40     19226.96        54.54
      2097152           20     49043.92        42.76
      4194304           10    103726.96        40.44

#---------------------------------------------------
# Benchmarking Unidir_get 
# #processes = 2 
# ( 1 additional process waiting in MPI_Barrier)
#---------------------------------------------------
#
#    MODE: NON-AGGREGATE 
#
       #bytes #repetitions      t[usec]   Mbytes/sec
            0          100        75.10         0.00
            1          100        90.72         0.01
            2          100        84.72         0.02
            4          100        82.13         0.05
            8          100        80.39         0.10
           16          100        94.55         0.17
           32          100        80.72         0.40
           64          100        78.98         0.81
          128          100        82.87         1.54
          256          100        82.56         3.10
          512          100        82.51         6.21
         1024          100        83.78        12.22
         2048          100       107.57        19.04
         4096          100        92.05        44.50
         8192          100        96.54        84.86
        16384          100       114.09       143.60
        32768          100       256.84       127.58
        65536          100      2000.68        32.76
       131072          100      4015.18        32.64
       262144          100      7964.02        32.92
       524288           80     15128.44        34.66
      1048576           40     27533.15        38.08
      2097152           20     45665.84        45.92
      4194304           10     90227.54        46.49

#---------------------------------------------------
# Benchmarking Unidir_get 
# #processes = 2 
# ( 1 additional process waiting in MPI_Barrier)
#---------------------------------------------------
#
#    MODE: AGGREGATE 
#
       #bytes #repetitions      t[usec]   Mbytes/sec
            0         1000         0.14         0.00
            1         1000         7.91         0.13
            2         1000         8.14         0.25
            4         1000         8.06         0.50
            8         1000        15.51         0.52
           16         1000         8.03         1.99
           32         1000         8.18         3.91
           64         1000         8.58         7.46
          128         1000         8.74        14.65
          256         1000         9.01        28.41
          512         1000         9.00        56.86
         1024         1000         8.93       114.73
         2048         1000         8.98       227.96
         4096         1000        52.37        78.21
         8192         1000        89.51        91.52
        16384         1000       197.33        83.03
        32768         1000       398.03        82.33
        65536          640       782.89        83.71
       131072          320      1628.08        80.51
       262144          160      3156.62        83.05
       524288           80      6247.48        83.92
      1048576           40     12790.64        81.98
      2097152           20     25129.44        83.45
      4194304           10     58665.41        71.50

#---------------------------------------------------
# Benchmarking Bidir_get 
# #processes = 2 
# ( 1 additional process waiting in MPI_Barrier)
#---------------------------------------------------
#
#    MODE: NON-AGGREGATE 
#
       #bytes #repetitions      t[usec]   Mbytes/sec
            0          100        87.02         0.00
            1          100       187.24         0.01
            2          100       111.72         0.02
            4          100       103.70         0.04
            8          100       101.71         0.08
           16          100       106.33         0.15
           32          100       108.22         0.30
           64          100       184.91         0.35
          128          100       103.36         1.24
          256          100       100.53         2.55
          512          100       107.38         4.77
         1024          100       108.94         9.40
         2048          100       128.52        15.94
         4096          100       119.40        34.31
         8192          100       528.56        15.50
        16384          100       203.60        80.47
        32768          100       307.88       106.43
        65536          100      1999.50        32.78
       131072          100      4016.13        32.64
       262144          100      8009.95        32.73
       524288           80     15061.39        34.81
      1048576           40     32568.02        32.20
      2097152           20     39309.39        53.35
      4194304           10    101228.04        41.43

#---------------------------------------------------
# Benchmarking Bidir_get 
# #processes = 2 
# ( 1 additional process waiting in MPI_Barrier)
#---------------------------------------------------
#
#    MODE: AGGREGATE 
#
       #bytes #repetitions      t[usec]   Mbytes/sec
            0         1000         0.16         0.00
            1         1000        17.96         0.06
            2         1000        19.30         0.10
            4         1000        25.16         0.16
            8         1000        12.89         0.62
           16         1000        14.90         1.07
           32         1000        13.11         2.44
           64         1000        13.49         4.75
          128         1000        13.87         9.23
          256         1000        14.86        17.23
          512         1000        13.42        38.15
         1024         1000        14.18        72.20
         2048         1000        15.23       134.51
         4096         1000        47.08        86.99
         8192         1000        87.39        93.74
        16384         1000       229.32        71.45
        32768         1000       409.66        79.99
        65536          640      1090.23        60.11
       131072          320      1988.05        65.93
       262144          160      4000.68        65.52
       524288           80     13665.61        38.37
      1048576           40     14704.16        71.31
      2097152           20     29057.03        72.17
      4194304           10     63686.28        65.86

#---------------------------------------------------
# Benchmarking Put_local 
# #processes = 2 
# ( 1 additional process waiting in MPI_Barrier)
#---------------------------------------------------
#
#    MODE: NON-AGGREGATE 
#
       #bytes #repetitions      t[usec]   Mbytes/sec
            0          100         1.36         0.00
            1          100         8.66         0.12
            2          100         8.85         0.23
            4          100         9.98         0.40
            8          100        13.81         0.58
           16          100         8.86         1.81
           32          100         8.80         3.64
           64          100        18.55         3.45
          128          100         8.64        14.81
          256          100         9.68        26.44
          512          100         8.84        57.93
         1024          100         9.08       112.82
         2048          100         9.54       214.70
         4096          100         9.52       430.17
         8192          100        24.19       338.70
        16384          100        17.92       914.25
        32768          100        84.71       386.82
        65536          100      1960.01        33.44
       131072          100      3934.26        33.32
       262144          100      7999.06        32.77
       524288           80     13816.68        37.95
      1048576           40     25269.52        41.50
      2097152           20     44483.13        47.14
      4194304           10     90368.57        46.41

#---------------------------------------------------
# Benchmarking Put_local 
# #processes = 2 
# ( 1 additional process waiting in MPI_Barrier)
#---------------------------------------------------
#
#    MODE: AGGREGATE 
#
       #bytes #repetitions      t[usec]   Mbytes/sec
            0         1000         0.03         0.00
            1         1000         0.16         6.32
            2         1000         0.16        12.20
            4         1000         0.15        26.34
            8         1000         0.15        52.83
           16         1000         0.16       101.95
           32         1000         0.19       167.76
           64         1000         0.26       247.79
          128         1000         0.33       387.96
          256         1000         0.61       419.09
          512         1000         0.95       536.62
         1024         1000         3.10       330.27
         2048         1000         4.92       415.88
         4096         1000         9.73       421.13
         8192         1000       106.69        76.78
        16384         1000       200.36        81.77
        32768         1000       402.59        81.39
        65536          640       828.15        79.14
       131072          320      1607.50        81.54
       262144          160      3132.41        83.69
       524288           80      7304.34        71.78
      1048576           40     12280.43        85.39
      2097152           20     25008.05        83.86
      4194304           10     50051.41        83.80

#---------------------------------------------------
# Benchmarking Put_all_local 
# #processes = 2 
# ( 1 additional process waiting in MPI_Barrier)
#---------------------------------------------------
       #bytes #repetitions      t[usec]   Mbytes/sec
            0         1000         0.06         0.00
            1         1000         0.18         5.65
            2         1000         0.17        11.57
            4         1000         0.17        23.14
            8         1000         0.17        46.82
           16         1000         0.19        83.88
           32         1000         0.20       163.36
           64         1000         0.21       300.96
          128         1000         0.31       416.49
          256         1000         0.46       561.26
          512         1000         0.67       761.27
         1024         1000         1.31       783.66
         2048         1000         3.15       649.31
         4096         1000         8.63       474.44
         8192         1000       104.46        78.42
        16384         1000       198.83        82.40
        32768         1000       400.82        81.75
        65536          640       795.29        82.40
       131072          320      1574.40        83.25
       262144          160      3136.71        83.57
       524288           80      7280.30        72.01
      1048576           40     12543.58        83.59
      2097152           20     25097.19        83.56
      4194304           10     50270.45        83.43

#---------------------------------------------------
# Benchmarking Put_all_local 
# #processes = 3 
#---------------------------------------------------
       #bytes #repetitions      t[usec]   Mbytes/sec
            0         1000         0.28         0.00
            1         1000         0.39         2.58
            2         1000         0.33         6.13
            4         1000         0.34        11.86
            8         1000         0.34        23.23
           16         1000         0.36        44.79
           32         1000         0.44        71.94
           64         1000         0.64        99.41
          128         1000         0.77       165.44
          256         1000         1.00       256.99
          512         1000         6.00        85.39
         1024         1000         3.51       291.61
         2048         1000        71.79        28.53
         4096         1000        99.20        41.29
         8192         1000       102.01        80.31
        16384         1000       300.62        54.50
        32768         1000       514.53        63.69
        65536          640       957.75        68.43
       131072          320      1884.69        69.55
       262144          160      3893.57        67.33
       524288           80      8759.92        59.85
      1048576           40     17399.32        60.27
      2097152           20     35081.83        59.78
      4194304           10     80039.66        52.40

#---------------------------------------------------
# Benchmarking One_put_all 
# #processes = 2 
# ( 1 additional process waiting in MPI_Barrier)
#---------------------------------------------------
       #bytes #repetitions      t[usec]   Mbytes/sec
            0         1000         0.16         0.00
            1         1000         0.31         3.26
            2         1000         0.31         6.44
            4         1000         0.35        11.35
            8         1000         0.31        25.72
           16         1000         0.31        51.10
           32         1000         0.57        56.35
           64         1000         0.37       172.75
          128         1000         0.50       257.83
          256         1000         0.63       404.89
          512         1000         0.99       515.74
         1024         1000         1.90       539.41
         2048         1000         7.79       263.06
         4096         1000        82.63        49.57
         8192         1000       197.61        41.45
        16384         1000       290.50        56.40
        32768         1000       499.59        65.59
        65536          640       794.21        82.52
       131072          320      1817.96        72.10
       262144          160      3145.56        83.34
       524288           80      7501.86        69.89
      1048576           40     14520.54        72.21
      2097152           20     24834.02        84.45
      4194304           10     57850.73        72.50

#---------------------------------------------------
# Benchmarking One_put_all 
# #processes = 3 
#---------------------------------------------------
       #bytes #repetitions      t[usec]   Mbytes/sec
            0         1000         0.20         0.00
            1         1000         0.45         2.20
            2         1000         0.44         4.52
            4         1000         0.47         8.59
            8         1000         0.44        18.22
           16         1000         0.46        34.42
           32         1000         0.52        61.68
           64         1000         0.67        94.86
          128         1000         0.73       174.47
          256         1000         1.03       247.34
          512         1000         2.20       232.88
         1024         1000        14.98        68.37
         2048         1000        68.36        29.96
         4096         1000       102.06        40.13
         8192         1000       188.44        43.47
        16384         1000       299.00        54.80
        32768         1000       605.81        54.09
        65536          640      1249.24        52.46
       131072          320      2185.62        59.97
       262144          160      3891.75        67.36
       524288           80      8760.18        59.85
      1048576           40     17799.82        58.91
      2097152           20     35670.94        58.79
      4194304           10     70013.24        59.91

#----------------------------------------------------------------
# Benchmarking All_put_all 
# #processes = 2 
# ( 1 additional process waiting in MPI_Barrier)
#----------------------------------------------------------------
       #bytes #repetitions  t_min[usec]  t_max[usec]  t_avg[usec]
            0         1000         0.15         0.19         0.17
            1         1000         0.34         0.40         0.37
            2         1000         0.34         0.38         0.36
            4         1000         0.34         0.35         0.35
            8         1000         0.34         0.36         0.35
           16         1000         0.84         0.89         0.86
           32         1000         0.40         0.45         0.43
           64         1000         0.44         0.50         0.47
          128         1000         0.63         0.64         0.63
          256         1000         0.95         1.01         0.98
          512         1000         1.86         1.93         1.89
         1024         1000         3.03         3.04         3.03
         2048         1000         7.03         7.06         7.04
         4096         1000        81.06        81.16        81.11
         8192         1000       110.23       110.29       110.26
        16384         1000       160.86       186.41       173.63
        32768         1000       402.95       403.07       403.01
        65536          640      1440.54      1517.50      1479.02
       131072          320      2442.59      2442.92      2442.75
       262144          160      6520.69      6697.16      6608.92
       524288           80      8486.92      8489.13      8488.02
      1048576           40     22530.84     22531.68     22531.26
      2097152           20     30041.79     30044.39     30043.09
      4194304           10     94773.78     97185.18     95979.48

#----------------------------------------------------------------
# Benchmarking All_put_all 
# #processes = 3 
#----------------------------------------------------------------
       #bytes #repetitions  t_min[usec]  t_max[usec]  t_avg[usec]
            0         1000         0.24         0.32         0.29
            1         1000         0.75         0.81         0.78
            2         1000         0.60         0.69         0.65
            4         1000         0.76         0.83         0.78
            8         1000         0.59         0.67         0.63
           16         1000         2.78         2.82         2.79
           32         1000         0.85         0.93         0.89
           64         1000         0.95         0.97         0.96
          128         1000         1.40         1.42         1.41
          256         1000         2.53         2.55         2.53
          512         1000         6.50         6.57         6.53
         1024         1000         6.92         6.96         6.94
         2048         1000        33.78        40.35        38.13
         4096         1000       102.33       102.45       102.40
         8192         1000       196.71       196.86       196.76
        16384         1000       305.18       305.33       305.25
