#------------------------------------------------------------
#    Intel(R) MPI Benchmarks 2019 Update 2, MPI-1 part    
#------------------------------------------------------------
# Date                  : Mon Mar 25 08:57:54 2019
# Machine               : x86_64
# System                : Linux
# Release               : 4.14.91+
# Version               : #1 SMP Wed Jan 23 21:34:58 PST 2019
# MPI Version           : 3.1
# MPI Thread Environment: 


# Calling sequence was: 

# /home/openmpi/mpi-benchmarks/IMB-MPI1 

# Minimum message length in bytes:   0
# Maximum message length in bytes:   4194304
#
# MPI_Datatype                   :   MPI_BYTE 
# MPI_Datatype for reductions    :   MPI_FLOAT 
# MPI_Op                         :   MPI_SUM  
# 
# 

# List of Benchmarks to run:

# PingPong
# PingPing
# Sendrecv
# Exchange
# Allreduce
# Reduce
# Reduce_local
# Reduce_scatter
# Reduce_scatter_block
# Allgather
# Allgatherv
# Gather
# Gatherv
# Scatter
# Scatterv
# Alltoall
# Alltoallv
# Bcast
# Barrier

#---------------------------------------------------
# Benchmarking PingPong 
# #processes = 2 
# ( 1 additional process waiting in MPI_Barrier)
#---------------------------------------------------
       #bytes #repetitions      t[usec]   Mbytes/sec
            0         1000       135.69         0.00
            1         1000       149.61         0.01
            2         1000       151.09         0.01
            4         1000       189.67         0.02
            8         1000       157.79         0.05
           16         1000       154.55         0.10
           32         1000       150.63         0.21
           64         1000       151.15         0.42
          128         1000       149.58         0.86
          256         1000       196.23         1.30
          512         1000       154.78         3.31
         1024         1000       156.80         6.53
         2048         1000       203.09        10.08
         4096         1000       204.55        20.02
         8192         1000       241.03        33.99
        16384         1000       301.77        54.29
        32768         1000       504.97        64.89
        65536          640      1015.15        64.56
       131072          320      2011.41        65.16
       262144          160      4055.55        64.64
       524288           80      6890.53        76.09
      1048576           40     14331.90        73.16
      2097152           20     30235.40        69.36
      4194304           10     66497.70        63.07

#---------------------------------------------------
# Benchmarking PingPing 
# #processes = 2 
# ( 1 additional process waiting in MPI_Barrier)
#---------------------------------------------------
       #bytes #repetitions      t[usec]   Mbytes/sec
            0         1000       117.46         0.00
            1         1000       145.65         0.01
            2         1000       121.82         0.02
            4         1000       141.17         0.03
            8         1000       142.28         0.06
           16         1000       149.19         0.11
           32         1000       159.12         0.20
           64         1000        86.64         0.74
          128         1000       200.93         0.64
          256         1000       251.36         1.02
          512         1000       120.88         4.24
         1024         1000       199.19         5.14
         2048         1000       208.73         9.81
         4096         1000       210.25        19.48
         8192         1000       226.46        36.17
        16384         1000       409.18        40.04
        32768         1000       900.37        36.39
        65536          640      1873.06        34.99
       131072          320      3491.37        37.54
       262144          160      7530.14        34.81
       524288           80     12269.19        42.73
      1048576           40     24770.89        42.33
      2097152           20     48271.94        43.44
      4194304           10     87039.14        48.19

#-----------------------------------------------------------------------------
# Benchmarking Sendrecv 
# #processes = 2 
# ( 1 additional process waiting in MPI_Barrier)
#-----------------------------------------------------------------------------
       #bytes #repetitions  t_min[usec]  t_max[usec]  t_avg[usec]   Mbytes/sec
            0         1000       197.01       197.08       197.04         0.00
            1         1000       155.01       155.07       155.04         0.01
            2         1000        75.82        75.87        75.84         0.05
            4         1000       143.88       143.89       143.89         0.06
            8         1000       120.12       169.23       144.68         0.09
           16         1000       202.00       202.06       202.03         0.16
           32         1000       153.61       153.67       153.64         0.42
           64         1000       152.51       152.59       152.55         0.84
          128         1000       156.05       156.09       156.07         1.64
          256         1000       153.46       153.46       153.46         3.34
          512         1000       141.34       141.34       141.34         7.24
         1024         1000       199.84       199.85       199.84        10.25
         2048         1000       213.02       213.05       213.04        19.23
         4096         1000       297.83       297.90       297.87        27.50
         8192         1000       301.11       301.19       301.15        54.40
        16384         1000       404.21       404.29       404.25        81.05
        32768         1000       897.88       897.93       897.90        72.99
        65536          640      1882.44      1882.57      1882.51        69.62
       131072          320      3756.01      3756.30      3756.15        69.79
       262144          160      7462.21      7494.46      7478.34        69.96
       524288           80     15040.66     15044.20     15042.43        69.70
      1048576           40     24044.53     24741.57     24393.05        84.76
      2097152           20     50145.34     50169.57     50157.46        83.60
      4194304           10     97318.40    100180.34     98749.37        83.74

#-----------------------------------------------------------------------------
# Benchmarking Sendrecv 
# #processes = 3 
#-----------------------------------------------------------------------------
       #bytes #repetitions  t_min[usec]  t_max[usec]  t_avg[usec]   Mbytes/sec
            0         1000       206.29       206.35       206.33         0.00
            1         1000       205.37       205.47       205.42         0.01
            2         1000       287.53       287.62       287.57         0.01
            4         1000       204.19       204.32       204.26         0.04
            8         1000       204.22       204.33       204.28         0.08
           16         1000       206.61       206.63       206.62         0.15
           32         1000       205.89       205.97       205.92         0.31
           64         1000       204.13       204.21       204.17         0.63
          128         1000       209.36       209.48       209.43         1.22
          256         1000       300.22       300.31       300.25         1.70
          512         1000       205.97       206.10       206.04         4.97
         1024         1000       300.10       300.18       300.13         6.82
         2048         1000       296.25       296.51       296.41        13.81
         4096         1000       300.18       300.25       300.22        27.28
         8192         1000       302.78       302.85       302.82        54.10
        16384         1000       401.48       401.61       401.54        81.59
        32768         1000       768.22       785.95       779.99        83.38
        65536          640      1873.22      1873.39      1873.30        69.97
       131072          320      3729.43      3729.63      3729.52        70.29
       262144          160      6973.28      6988.12      6978.71        75.03
       524288           80     13753.06     13819.21     13776.29        75.88
      1048576           40     24878.47     26263.19     25420.20        79.85
      2097152           20     45611.16     48597.72     46937.67        86.31
      4194304           10     79862.46     82883.70     80912.49       101.21

#-----------------------------------------------------------------------------
# Benchmarking Exchange 
# #processes = 2 
# ( 1 additional process waiting in MPI_Barrier)
#-----------------------------------------------------------------------------
       #bytes #repetitions  t_min[usec]  t_max[usec]  t_avg[usec]   Mbytes/sec
            0         1000       213.62       213.62       213.62         0.00
            1         1000       211.15       211.22       211.18         0.02
            2         1000       285.31       285.32       285.31         0.03
            4         1000       289.82       289.87       289.85         0.06
            8         1000       287.29       287.43       287.36         0.11
           16         1000       294.81       294.84       294.82         0.22
           32         1000       217.33       217.34       217.33         0.59
           64         1000       292.26       292.27       292.26         0.88
          128         1000       299.62       299.63       299.62         1.71
          256         1000       298.76       298.81       298.78         3.43
          512         1000       293.45       293.47       293.46         6.98
         1024         1000       297.94       297.96       297.95        13.75
         2048         1000       308.55       308.57       308.56        26.55
         4096         1000       395.58       395.61       395.59        41.42
         8192         1000       499.53       499.56       499.55        65.59
        16384         1000       899.85       899.89       899.87        72.83
        32768         1000      1817.36      1817.92      1817.64        72.10
        65536          640      3624.84      3624.94      3624.89        72.32
       131072          320      7500.21      7500.23      7500.22        69.90
       262144          160     14988.26     14988.88     14988.57        69.96
       524288           80     26522.75     27147.84     26835.30        77.25
      1048576           40     42789.23     43018.00     42903.61        97.50
      2097152           20     94572.41     95002.90     94787.66        88.30
      4194304           10    181314.64    187169.92    184242.28        89.64

#-----------------------------------------------------------------------------
# Benchmarking Exchange 
# #processes = 3 
#-----------------------------------------------------------------------------
       #bytes #repetitions  t_min[usec]  t_max[usec]  t_avg[usec]   Mbytes/sec
            0         1000       290.78       290.81       290.80         0.00
            1         1000       199.89       199.90       199.90         0.02
            2         1000       204.03       204.10       204.08         0.04
            4         1000       210.25       210.29       210.26         0.08
            8         1000       201.46       201.50       201.48         0.16
           16         1000       206.18       206.19       206.18         0.31
           32         1000       202.97       202.98       202.97         0.63
           64         1000       198.98       199.12       199.07         1.29
          128         1000       206.82       206.86       206.84         2.48
          256         1000       295.71       295.74       295.73         3.46
          512         1000       278.14       278.22       278.18         7.36
         1024         1000       282.92       282.98       282.96        14.47
         2048         1000       306.33       306.39       306.36        26.74
         4096         1000       401.11       401.15       401.13        40.84
         8192         1000       398.17       398.19       398.18        82.29
        16384         1000       710.68       710.99       710.81        92.18
        32768         1000      1803.21      1803.83      1803.51        72.66
        65536          640      3747.98      3748.20      3748.07        69.94
       131072          320      7518.63      7521.19      7519.65        69.71
       262144          160     14347.19     14349.88     14348.98        73.07
       524288           80     25031.18     25034.62     25032.84        83.77
      1048576           40     47457.14     47497.93     47482.65        88.30
      2097152           20     95912.41     95994.45     95959.75        87.39
      4194304           10    189269.47    190494.54    189889.70        88.07

#----------------------------------------------------------------
# Benchmarking Allreduce 
# #processes = 2 
# ( 1 additional process waiting in MPI_Barrier)
#----------------------------------------------------------------
       #bytes #repetitions  t_min[usec]  t_max[usec]  t_avg[usec]
            0         1000         0.09         0.10         0.10
            4         1000       106.16       204.71       155.44
            8         1000       114.63       195.64       155.14
           16         1000       109.05       285.93       197.49
           32         1000       117.43       190.91       154.17
           64         1000       194.12       196.66       195.39
          128         1000       109.91       286.39       198.15
          256         1000       108.36       286.24       197.30
          512         1000       110.43       243.32       176.87
         1024         1000       114.29       290.43       202.36
         2048         1000       124.20       285.68       204.94
         4096         1000       202.90       214.10       208.50
         8192         1000       214.81       298.38       256.59
        16384         1000       444.99       592.42       518.70
        32768         1000       578.08       600.90       589.49
        65536          640       782.57      1517.79      1150.18
       131072          320      2715.03      3175.53      2945.28
       262144          160      6551.42      7435.29      6993.35
       524288           80     11179.88     13519.90     12349.89
      1048576           40     24217.86     29831.03     27024.45
      2097152           20     27087.54     44867.99     35977.77
      4194304           10     67260.93     67680.73     67470.83

#----------------------------------------------------------------
# Benchmarking Allreduce 
# #processes = 3 
#----------------------------------------------------------------
       #bytes #repetitions  t_min[usec]  t_max[usec]  t_avg[usec]
            0         1000         0.09         0.13         0.10
            4         1000       307.54       559.41       420.36
            8         1000       388.79       554.88       449.52
           16         1000       314.89       592.82       436.39
           32         1000       363.18       564.18       469.03
           64         1000       363.29       500.97       445.72
          128         1000       326.19       600.96       418.21
          256         1000       246.70       681.75       410.78
          512         1000       373.31       636.72       500.26
         1024         1000       299.46       589.58       406.54
         2048         1000       507.87       668.68       603.24
         4096         1000       519.34       784.08       610.96
         8192         1000       538.90       796.89       625.15
        16384         1000       873.34      1174.39      1002.09
        32768         1000       853.84      1431.72      1135.96
        65536          640      1129.92      1775.71      1519.95
       131072          320      2285.08      3206.27      2868.33
       262144          160      8435.53      9132.94      8738.88
       524288           80     16974.65     18545.02     17976.36
      1048576           40     34121.08     39162.10     36722.00
      2097152           20     62099.82     71634.23     65906.41
      4194304           10     98798.08    123686.39    109760.63

#----------------------------------------------------------------
# Benchmarking Reduce 
# #processes = 2 
# ( 1 additional process waiting in MPI_Barrier)
#----------------------------------------------------------------
       #bytes #repetitions  t_min[usec]  t_max[usec]  t_avg[usec]
            0         1000         0.08         0.10         0.09
            4         1000       106.88       224.32       165.60
            8         1000        58.28       304.29       181.29
           16         1000         8.64       291.16       149.90
           32         1000         6.70       384.53       195.62
           64         1000        14.72       153.02        83.87
          128         1000         6.49       383.45       194.97
          256         1000         6.60       290.39       148.49
          512         1000         6.63       393.84       200.23
         1024         1000       105.85       228.18       167.01
         2048         1000         7.25       386.37       196.81
         4096         1000         7.46       393.46       200.46
         8192         1000        57.10       410.31       233.70
        16384         1000        17.08       496.37       256.72
        32768         1000        19.44       782.84       401.14
        65536          640        39.94      1062.99       551.47
       131072          320      1444.17      2898.31      2171.24
       262144          160      3753.26      5641.69      4697.48
       524288           80      8832.03     11285.86     10058.95
      1048576           40     19815.31     20041.84     19928.58
      2097152           20     41473.55     44312.85     42893.20
      4194304           10     79346.38     79575.04     79460.71

#----------------------------------------------------------------
# Benchmarking Reduce 
# #processes = 3 
#----------------------------------------------------------------
       #bytes #repetitions  t_min[usec]  t_max[usec]  t_avg[usec]
            0         1000         0.08         0.11         0.09
            4         1000         5.99         7.40         6.86
            8         1000         8.27        55.10        25.02
           16         1000         6.00        94.05        36.83
           32         1000         6.13        89.25        34.28
           64         1000         5.85         9.65         7.59
          128         1000         5.49        85.60        32.77
          256         1000         6.15        13.94         9.10
          512         1000         6.80       126.68        62.88
         1024         1000         6.26        93.29        35.69
         2048         1000         7.23        55.59        29.63
         4096         1000         6.72        30.20        14.84
         8192         1000         6.56        46.15        20.85
        16384         1000         7.37        67.92        29.37
        32768         1000        10.18       294.55       108.81
        65536          640        35.15      1041.09       572.44
       131072          320        80.56      3239.67      1815.48
       262144          160       142.71      6478.35      3757.17
       524288           80     10607.60     11305.55     11034.29
      1048576           40     26456.16     26962.21     26754.00
      2097152           20     49946.27     50496.22     50271.50
      4194304           10    100007.36    100461.81    100271.81

#----------------------------------------------------------------
# Benchmarking Reduce_local 
# #processes = 2 
# ( 1 additional process waiting in MPI_Barrier)
#----------------------------------------------------------------
       #bytes #repetitions  t_min[usec]  t_max[usec]  t_avg[usec]
            0         1000         0.09         0.10         0.09
            4         1000         0.13         0.17         0.15
            8         1000         0.10         0.17         0.14
           16         1000         0.12         0.15         0.14
           32         1000         0.12         0.15         0.13
           64         1000         0.11         0.15         0.13
          128         1000         0.14         0.14         0.14
          256         1000         0.15         0.19         0.17
          512         1000         0.23         0.24         0.24
         1024         1000         0.36         0.41         0.38
         2048         1000         0.58         0.60         0.59
         4096         1000         1.10         1.16         1.13
         8192         1000         2.01         2.20         2.11
        16384         1000         3.84         4.23         4.03
        32768         1000         7.16       106.64        56.90
        65536          640        15.03        15.89        15.46
       131072          320        25.65        30.90        28.28
       262144          160        53.07        54.21        53.64
       524288           80       113.24       125.69       119.47
      1048576           40       227.69       246.52       237.11
      2097152           20       463.13       535.94       499.54
      4194304           10      1127.33      2306.46      1716.89

#----------------------------------------------------------------
# Benchmarking Reduce_local 
# #processes = 3 
#----------------------------------------------------------------
       #bytes #repetitions  t_min[usec]  t_max[usec]  t_avg[usec]
            0         1000         0.08         0.10         0.09
            4         1000         0.12         0.16         0.14
            8         1000         0.13         0.17         0.15
           16         1000         0.12         0.17         0.14
           32         1000         0.11         0.14         0.13
           64         1000         0.12         0.14         0.13
          128         1000         0.14         0.17         0.16
          256         1000         0.14         0.18         0.17
          512         1000         0.22         0.24         0.23
         1024         1000         0.36         0.37         0.37
         2048         1000         0.55         0.58         0.56
         4096         1000         0.98         1.15         1.04
         8192         1000         1.82         1.86         1.84
        16384         1000         3.52         3.78         3.64
        32768         1000         6.84         7.45         7.09
        65536          640        14.93        90.71        40.38
       131072          320        28.62        31.04        30.04
       262144          160        52.71        60.65        55.49
       524288           80       112.59       115.47       114.10
      1048576           40       235.83       240.84       237.90
      2097152           20       458.40       471.15       463.92
      4194304           10       949.73      1002.06       969.16

#----------------------------------------------------------------
# Benchmarking Reduce_scatter 
# #processes = 2 
# ( 1 additional process waiting in MPI_Barrier)
#----------------------------------------------------------------
       #bytes #repetitions  t_min[usec]  t_max[usec]  t_avg[usec]
            0         1000         0.09         0.12         0.10
            4         1000       209.08       278.25       243.66
            8         1000       195.26       213.28       204.27
           16         1000       203.11       204.66       203.88
           32         1000       131.19       275.61       203.40
           64         1000       121.47       285.94       203.71
          128         1000        42.19       371.30       206.75
          256         1000       123.21       285.30       204.25
          512         1000       158.66       338.76       248.71
         1024         1000       197.06       304.51       250.79
         2048         1000       133.48       374.96       254.22
         4096         1000       132.07       303.24       217.65
         8192         1000       228.94       296.01       262.48
        16384         1000       243.51       396.20       319.85
        32768         1000       372.35       520.61       446.48
        65536          640       779.71      1723.22      1251.47
       131072          320       742.45      3685.26      2213.85
       262144          160      3769.49      5512.76      4641.13
       524288           80      4751.01      8009.36      6380.19
      1048576           40      9931.86     20132.74     15032.30
      2097152           20     13465.40     45248.38     29356.89
      4194304           10     63812.84    100124.34     81968.59

#----------------------------------------------------------------
# Benchmarking Reduce_scatter 
# #processes = 3 
#----------------------------------------------------------------
       #bytes #repetitions  t_min[usec]  t_max[usec]  t_avg[usec]
            0         1000         0.08         0.13         0.10
            4         1000       358.93       556.21       436.37
            8         1000       398.53       638.40       480.84
           16         1000       321.19       619.90       474.16
           32         1000       425.32       628.45       539.47
           64         1000       257.74       648.34       415.19
          128         1000       438.83       549.77       497.44
          256         1000       432.66       618.00       535.44
          512         1000       346.94       761.72       493.58
         1024         1000       467.49       671.56       547.70
         2048         1000       458.33       719.99       564.27
         4096         1000       513.10       762.18       652.34
         8192         1000       298.40       596.90       484.41
        16384         1000       267.11       852.66       636.28
        32768         1000       572.21      1108.33       896.21
        65536          640      1929.19      3447.73      2542.95
       131072          320      2955.58      6675.56      4718.07
       262144          160      8015.20     14110.15     10130.61
       524288           80     16566.42     24774.92     19407.03
      1048576           40     34873.27     44945.03     38465.53
      2097152           20     33144.32     90308.28     52467.54
      4194304           10    140353.48    177994.83    160413.71

#----------------------------------------------------------------
# Benchmarking Reduce_scatter_block 
# #processes = 2 
# ( 1 additional process waiting in MPI_Barrier)
#----------------------------------------------------------------
       #bytes #repetitions  t_min[usec]  t_max[usec]  t_avg[usec]
            0         1000         0.11         0.13         0.12
            4         1000        11.24       384.07       197.65
            8         1000        10.91       311.96       161.43
           16         1000        87.53       262.07       174.80
           32         1000        12.58       390.67       201.63
           64         1000        11.89       396.06       203.97
          128         1000        98.03       345.34       221.68
          256         1000        17.03       494.77       255.90
          512         1000        98.83       433.10       265.96
         1024         1000       103.89       442.46       273.18
         2048         1000        29.32       487.64       258.48
         4096         1000        40.75       506.49       273.62
         8192         1000       125.68       640.67       383.17
        16384         1000       147.86       798.78       473.32
        32768         1000       235.09      1157.75       696.42
        65536          640      2963.75      3414.67      3189.21
       131072          320      5279.18      6189.37      5734.27
       262144          160     10063.03     11275.35     10669.19
       524288           80     19701.34     20005.81     19853.58
      1048576           40     41692.17     42197.15     41944.66
      2097152           20     71641.78     80041.11     75841.45
      4194304           10    150379.06    181663.51    166021.28

#----------------------------------------------------------------
# Benchmarking Reduce_scatter_block 
# #processes = 3 
#----------------------------------------------------------------
       #bytes #repetitions  t_min[usec]  t_max[usec]  t_avg[usec]
            0         1000         0.11         0.14         0.13
            4         1000       255.67       532.64       402.08
            8         1000       249.66       497.24       363.13
           16         1000       241.18       482.76       399.60
           32         1000       193.37       554.61       366.96
           64         1000       357.39       626.69       487.96
          128         1000       321.55       518.22       417.97
          256         1000       321.28       486.41       427.75
          512         1000       547.17       657.41       591.19
         1024         1000       337.13       491.21       439.60
         2048         1000       342.95       649.08       512.38
         4096         1000       214.82       774.24       459.04
         8192         1000       694.84       814.51       742.15
        16384         1000      1160.37      1601.41      1377.82
        32768         1000      2050.27      2514.18      2277.51
        65536          640      4319.88      5096.10      4653.65
       131072          320      9643.98     10837.03     10232.99
       262144          160     17583.92     18093.32     17875.88
       524288           80     36244.82     36810.48     36475.00
      1048576           40     81495.71     82311.43     81943.44
      2097152           20    151568.36    180973.35    163617.00
      4194304           10    292093.03    362388.11    320395.31

#----------------------------------------------------------------
# Benchmarking Allgather 
# #processes = 2 
# ( 1 additional process waiting in MPI_Barrier)
#----------------------------------------------------------------
       #bytes #repetitions  t_min[usec]  t_max[usec]  t_avg[usec]
            0         1000         0.09         0.09         0.09
            1         1000       120.39       195.95       158.17
            2         1000       118.86       279.25       199.06
            4         1000        33.56       367.74       200.65
            8         1000       197.30       251.09       224.19
           16         1000       117.12       200.89       159.00
           32         1000       189.49       209.19       199.34
           64         1000        49.67       353.73       201.70
          128         1000       198.22       205.75       201.99
          256         1000       118.26       378.84       248.55
          512         1000        33.98       378.65       206.31
         1024         1000        42.83       367.22       205.03
         2048         1000        54.59       360.84       207.72
         4096         1000       129.75       385.56       257.66
         8192         1000       216.85       301.30       259.07
        16384         1000       218.49       322.04       270.27
        32768         1000       176.05       797.16       486.61
        65536          640      1070.99      1611.28      1341.13
       131072          320      1619.53      2435.98      2027.76
       262144          160      4610.02      5305.07      4957.55
       524288           80      8880.64     11329.79     10105.21
      1048576           40     11977.09     18346.87     15161.98
      2097152           20     20297.88     36886.06     28591.97
      4194304           10     70197.03     97311.47     83754.25

#----------------------------------------------------------------
# Benchmarking Allgather 
# #processes = 3 
#----------------------------------------------------------------
       #bytes #repetitions  t_min[usec]  t_max[usec]  t_avg[usec]
            0         1000         0.07         0.19         0.12
            1         1000       173.97       510.40       386.45
            2         1000       168.71       550.45       421.63
            4         1000       243.22       617.29       431.14
            8         1000       252.58       577.93       420.07
           16         1000       211.03       541.55       376.63
           32         1000       244.45       544.57       438.12
           64         1000       171.79       629.65       425.96
          128         1000       276.95       501.32       417.63
          256         1000       254.36       583.91       455.44
          512         1000       332.49       587.37       462.47
         1024         1000       335.05       604.31       485.07
         2048         1000       194.72       579.37       447.33
         4096         1000       351.05       604.96       494.59
         8192         1000       152.09       886.25       530.76
        16384         1000       410.12       847.61       661.46
        32768         1000       538.51       985.41       832.65
        65536          640      1580.25      3036.71      2318.09
       131072          320      3856.58      5596.02      4613.30
       262144          160     10200.42     12014.73     11010.48
       524288           80     16556.85     22907.05     19140.96
      1048576           40     33907.14     42842.68     38154.34
      2097152           20     58180.57     80691.76     66822.49
      4194304           10    134479.53    161770.44    144627.53

#----------------------------------------------------------------
# Benchmarking Allgatherv 
# #processes = 2 
# ( 1 additional process waiting in MPI_Barrier)
#----------------------------------------------------------------
       #bytes #repetitions  t_min[usec]  t_max[usec]  t_avg[usec]
            0         1000         0.06         0.07         0.07
            1         1000       115.58       197.65       156.62
            2         1000       115.83       195.65       155.74
            4         1000       191.23       195.76       193.49
            8         1000       156.33       283.31       219.82
           16         1000       129.22       185.31       157.27
           32         1000       116.25       269.46       192.86
           64         1000       114.70       190.97       152.83
          128         1000       102.77       205.81       154.29
          256         1000       113.52       200.56       157.04
          512         1000       129.85       279.89       204.87
         1024         1000       107.88       210.46       159.17
         2048         1000       127.75       284.07       205.91
         4096         1000       130.04       282.59       206.31
         8192         1000       139.70       287.47       213.58
        16384         1000       235.52       388.27       311.90
        32768         1000       349.39       696.00       522.69
        65536          640      1128.23      1722.03      1425.13
       131072          320      1870.76      2662.03      2266.40
       262144          160      3114.27      6186.86      4650.57
       524288           80      6898.62      9455.04      8176.83
      1048576           40     14141.60     16471.56     15306.58
      2097152           20     25137.59     39973.77     32555.68
      4194304           10     79631.15    100177.94     89904.55

#----------------------------------------------------------------
# Benchmarking Allgatherv 
# #processes = 3 
#----------------------------------------------------------------
       #bytes #repetitions  t_min[usec]  t_max[usec]  t_avg[usec]
            0         1000         0.07         0.10         0.08
            1         1000       250.37       539.49       406.20
            2         1000       333.17       517.35       431.82
            4         1000       242.70       584.48       445.85
            8         1000       178.95       522.09       406.71
           16         1000       106.25       682.68       402.16
           32         1000       192.49       652.15       465.99
           64         1000       193.54       829.63       497.60
          128         1000       183.83       712.81       470.62
          256         1000       254.47       650.12       437.31
          512         1000       333.02       595.28       481.53
         1024         1000       397.55       522.57       475.68
         2048         1000       198.15       638.20       490.60
         4096         1000       225.46       691.96       502.02
         8192         1000       293.27       702.77       558.75
        16384         1000       351.53       791.13       580.53
        32768         1000       417.83      1156.22       874.79
        65536          640      1868.79      2791.44      2455.12
       131072          320      5539.06      6318.35      5946.41
       262144          160      9197.96     12538.72     10628.66
       524288           80     18817.36     21408.14     20391.76
      1048576           40     33278.20     47027.26     41375.15
      2097152           20     48480.61     71716.56     57816.42
      4194304           10    128897.88    159693.88    140498.95

#----------------------------------------------------------------
# Benchmarking Gather 
# #processes = 2 
# ( 1 additional process waiting in MPI_Barrier)
#----------------------------------------------------------------
       #bytes #repetitions  t_min[usec]  t_max[usec]  t_avg[usec]
            0         1000         0.07         0.07         0.07
            1         1000         7.51       381.69       194.60
            2         1000        46.54       229.56       138.05
            4         1000         7.55       299.64       153.60
            8         1000        57.31       302.94       180.12
           16         1000         7.59       301.97       154.78
           32         1000         8.23       297.97       153.10
           64         1000        55.49       311.36       183.42
          128         1000        56.50       305.56       181.03
          256         1000         6.51       300.06       153.29
          512         1000         6.57       304.65       155.61
         1024         1000         6.45       383.17       194.81
         2048         1000       105.13       229.41       167.27
         4096         1000        56.39       230.89       143.64
         8192         1000        92.55       409.56       251.05
        16384         1000        15.48       576.77       296.12
        32768         1000       146.69       721.18       433.93
        65536          640        35.78      1247.64       641.71
       131072          320      1054.93      2472.81      1763.87
       262144          160      1906.50      5634.13      3770.32
       524288           80      3247.64     10078.05      6662.85
      1048576           40      4869.02     15163.03     10016.03
      2097152           20      9379.27     31983.65     20681.46
      4194304           10     10209.24     63094.49     36651.86

#----------------------------------------------------------------
# Benchmarking Gather 
# #processes = 3 
#----------------------------------------------------------------
       #bytes #repetitions  t_min[usec]  t_max[usec]  t_avg[usec]
            0         1000         0.07         0.08         0.07
            1         1000         7.08        55.80        25.05
            2         1000        13.37        55.45        28.17
            4         1000         5.43        14.77         9.14
            8         1000         9.97        54.73        25.00
           16         1000         5.63         7.39         6.53
           32         1000         5.91        85.13        32.76
           64         1000         5.67         9.95         7.61
          128         1000         7.03       161.16        73.11
          256         1000         7.22        55.13        27.31
          512         1000         5.53        14.91         9.24
         1024         1000         7.86        54.54        26.44
         2048         1000         8.61        32.18        16.49
         4096         1000         9.49       116.46        61.87
         8192         1000       368.32      1188.42       682.37
        16384         1000       476.22      1193.52       734.89
        32768         1000       608.04      1354.08       894.97
        65536          640       729.62      1767.36      1084.89
       131072          320      1404.79      2629.07      1863.08
       262144          160      3776.35      5872.05      4621.38
       524288           80      5038.01     10356.05      6883.84
      1048576           40     11069.21     14331.82     12617.92
      2097152           20     13546.76     24497.95     18076.38
      4194304           10     27345.58     67934.40     42606.00

#----------------------------------------------------------------
# Benchmarking Gatherv 
# #processes = 2 
# ( 1 additional process waiting in MPI_Barrier)
#----------------------------------------------------------------
       #bytes #repetitions  t_min[usec]  t_max[usec]  t_avg[usec]
            0         1000         0.09         0.09         0.09
            1         1000         7.24       296.83       152.04
            2         1000         7.45       382.90       195.18
            4         1000         8.19       390.82       199.51
            8         1000        58.14       307.92       183.03
           16         1000        58.01       399.40       228.71
           32         1000        10.94       335.79       173.36
           64         1000         8.30       392.17       200.24
          128         1000         8.29       391.42       199.86
          256         1000         8.03       391.44       199.74
          512         1000         7.41       387.11       197.26
         1024         1000         8.09       387.15       197.62
         2048         1000         9.75       386.06       197.91
         4096         1000         9.83       395.68       202.75
         8192         1000        10.83       400.02       205.42
        16384         1000        62.66       427.98       245.32
        32768         1000        11.70       694.26       352.98
        65536          640       634.21      1867.41      1250.81
       131072          320      1303.58      3439.91      2371.75
       262144          160      2594.16      7446.37      5020.26
       524288           80      4243.99     13997.34      9120.66
      1048576           40      6968.24     22503.60     14735.92
      2097152           20     15597.57     49967.72     32782.64
      4194304           10     27452.72     93100.13     60276.43

#----------------------------------------------------------------
# Benchmarking Gatherv 
# #processes = 3 
#----------------------------------------------------------------
       #bytes #repetitions  t_min[usec]  t_max[usec]  t_avg[usec]
            0         1000         0.10         0.16         0.13
            1         1000         6.13        19.09        10.91
            2         1000         5.61       104.88        39.60
            4         1000         5.41        26.00        13.06
            8         1000         5.52        56.27        25.80
           16         1000         5.56        92.95        35.28
           32         1000         5.34         8.69         6.84
           64         1000         5.47       176.12        62.93
          128         1000         5.46        10.21         7.98
          256         1000         5.96       175.57        62.74
          512         1000         5.34        14.57         9.07
         1024         1000         5.46        24.72        12.66
         2048         1000         8.80        54.85        29.37
         4096         1000         7.90       110.22        74.74
         8192         1000         6.36       121.06        45.50
        16384         1000         8.29        66.83        29.30
        32768         1000        16.99       120.04        64.69
        65536          640       942.74      2101.60      1368.55
       131072          320      1212.12      3425.48      1966.70
       262144          160      1721.18      6871.45      3662.24
       524288           80      4398.98     11862.72      6923.47
      1048576           40      9607.16     22638.35     14465.86
      2097152           20     16471.83     33136.38     25601.00
      4194304           10     14428.42     92461.02     63710.57

#----------------------------------------------------------------
# Benchmarking Scatter 
# #processes = 2 
# ( 1 additional process waiting in MPI_Barrier)
#----------------------------------------------------------------
       #bytes #repetitions  t_min[usec]  t_max[usec]  t_avg[usec]
            0         1000         0.08         0.09         0.08
            1         1000         8.69       296.18       152.43
            2         1000         6.94       245.98       126.46
            4         1000         6.63       303.44       155.04
            8         1000         6.52       300.37       153.45
           16         1000         6.73       300.19       153.46
           32         1000         6.55       302.44       154.50
           64         1000         6.51       301.11       153.81
          128         1000         7.58       384.24       195.91
          256         1000         7.59       330.59       169.09
          512         1000         9.26       479.81       244.53
         1024         1000         8.07       383.51       195.79
         2048         1000        10.44       392.96       201.70
         4096         1000         9.99       394.80       202.39
         8192         1000        11.72       298.41       155.07
        16384         1000        15.89       486.58       251.23
        32768         1000        20.24       875.49       447.86
        65536          640       128.87      1728.75       928.81
       131072          320       671.39      3993.87      2332.63
       262144          160       751.92      6837.75      3794.84
       524288           80       356.73     13592.32      6974.53
      1048576           40       844.84     29505.83     15175.33
      2097152           20      1670.60     42545.60     22108.10
      4194304           10      3390.74     89875.22     46632.98

#----------------------------------------------------------------
# Benchmarking Scatter 
# #processes = 3 
#----------------------------------------------------------------
       #bytes #repetitions  t_min[usec]  t_max[usec]  t_avg[usec]
            0         1000         0.08         0.08         0.08
            1         1000        12.32       168.49        95.41
            2         1000        12.78       181.13       120.40
            4         1000        13.49       241.01       138.79
            8         1000        12.15       175.73       119.47
           16         1000        12.57       162.87        93.75
           32         1000        21.85       162.99       104.76
           64         1000        12.55       214.32       112.18
          128         1000        12.95       165.67        96.40
          256         1000        12.73       170.81       104.08
          512         1000        12.75       216.16       113.94
         1024         1000        12.33       320.73       142.72
         2048         1000        13.01       262.91       125.24
         4096         1000        13.21       225.42       118.49
         8192         1000        14.00       273.75       136.97
        16384         1000        16.68       455.05       290.51
        32768         1000        36.88      1250.99       738.03
        65536          640       899.53      2501.57      1841.19
       131072          320      2030.04      5906.45      3787.42
       262144          160      2129.01      9075.83      6296.52
       524288           80      3736.35     17711.79     12036.16
      1048576           40      7169.82     33653.03     21982.88
      2097152           20     36915.95     62640.46     47920.08
      4194304           10     84754.93    169293.83    113613.60

#----------------------------------------------------------------
# Benchmarking Scatterv 
# #processes = 2 
# ( 1 additional process waiting in MPI_Barrier)
#----------------------------------------------------------------
       #bytes #repetitions  t_min[usec]  t_max[usec]  t_avg[usec]
            0         1000         0.09         0.11         0.10
            1         1000         7.14       328.36       167.75
            2         1000         6.61       299.84       153.23
            4         1000         7.40       383.85       195.63
            8         1000         8.80       470.51       239.65
           16         1000         8.14       375.43       191.78
           32         1000         7.49       305.26       156.37
           64         1000         7.51       307.74       157.63
          128         1000         6.63       305.01       155.82
          256         1000         7.79       388.45       198.12
          512         1000         6.85       287.12       146.98
         1024         1000         6.82       385.38       196.10
         2048         1000         7.46       387.12       197.29
         4096         1000         7.86       381.70       194.78
         8192         1000         9.38       480.88       245.13
        16384         1000        10.21       487.21       248.71
        32768         1000        14.19       988.74       501.46
        65536          640       336.94      1713.86      1025.40
       131072          320       623.38      3170.46      1896.92
       262144          160       670.77      6905.24      3788.01
       524288           80       336.53     13502.27      6919.40
      1048576           40      1034.37     28764.27     14899.32
      2097152           20      2164.71     39348.45     20756.58
      4194304           10     11501.23     95103.86     53302.54

#----------------------------------------------------------------
# Benchmarking Scatterv 
# #processes = 3 
#----------------------------------------------------------------
       #bytes #repetitions  t_min[usec]  t_max[usec]  t_avg[usec]
            0         1000         0.09         0.12         0.10
            1         1000        13.49       237.98       139.72
            2         1000        12.61       275.32       132.23
            4         1000        13.10       222.92       113.95
            8         1000        16.40       374.53       207.51
           16         1000        17.93       270.52       128.24
           32         1000        12.37       282.04       128.67
           64         1000        12.19       228.60       115.29
          128         1000        12.13       274.02       132.06
          256         1000        12.46       283.69       135.79
          512         1000        11.68       245.83       126.92
         1024         1000        11.82       164.29        96.53
         2048         1000        14.77       165.45        98.39
         4096         1000        16.84       189.14       129.18
         8192         1000        13.93       350.90       168.56
        16384         1000        16.84       373.31       218.87
        32768         1000        38.03      1207.89       723.92
        65536          640      1124.39      2372.60      1854.97
       131072          320      2049.90      5370.02      3705.97
       262144          160      1776.64      9734.19      6561.11
       524288           80      4598.77     18958.67     13087.20
      1048576           40      8342.43     34351.78     22791.83
      2097152           20     37221.32     62978.43     48802.92
      4194304           10     26142.51     83310.95     47786.79

#----------------------------------------------------------------
# Benchmarking Alltoall 
# #processes = 2 
# ( 1 additional process waiting in MPI_Barrier)
#----------------------------------------------------------------
       #bytes #repetitions  t_min[usec]  t_max[usec]  t_avg[usec]
            0         1000         0.07         0.09         0.08
            1         1000       114.19       280.75       197.47
            2         1000       192.41       204.59       198.50
            4         1000       197.28       200.66       198.97
            8         1000        97.14       311.42       204.28
           16         1000        51.17       344.00       197.58
           32         1000       195.25       198.47       196.86
           64         1000       196.69       197.01       196.85
          128         1000       190.01       198.10       194.05
          256         1000        28.53       290.41       159.47
          512         1000       195.14       204.37       199.76
         1024         1000       205.07       288.87       246.97
         2048         1000       132.54       265.17       198.85
         4096         1000       210.06       212.65       211.35
         8192         1000       142.73       198.98       170.85
        16384         1000       228.01       312.52       270.27
        32768         1000       481.27       491.90       486.59
        65536          640      1149.98      1333.99      1241.98
       131072          320      1775.58      3183.88      2479.73
       262144          160      3722.98      6350.92      5036.95
       524288           80      6982.80     14231.87     10607.33
      1048576           40     10694.81     22081.21     16388.01
      2097152           20     28557.34     34183.35     31370.34
      4194304           10     81257.55    101545.68     91401.62

#----------------------------------------------------------------
# Benchmarking Alltoall 
# #processes = 3 
#----------------------------------------------------------------
       #bytes #repetitions  t_min[usec]  t_max[usec]  t_avg[usec]
            0         1000         0.07         0.08         0.08
            1         1000       217.55       345.38       290.99
            2         1000       214.88       427.88       320.30
            4         1000       289.34       362.08       314.56
            8         1000       138.33       430.65       284.08
           16         1000       236.17       356.69       290.02
           32         1000       222.01       430.78       323.45
           64         1000       215.01       435.22       322.11
          128         1000       217.13       481.97       359.32
          256         1000       138.49       386.49       268.94
          512         1000       231.95       395.24       314.86
         1024         1000       140.17       355.32       268.86
         2048         1000       177.86       444.23       354.92
         4096         1000       441.67       624.37       557.93
         8192         1000       508.85       568.58       532.27
        16384         1000       553.35       791.96       666.15
        32768         1000       586.28      1088.58       869.35
        65536          640      2441.69      2773.58      2565.65
       131072          320      4069.25      5467.10      4682.48
       262144          160      8409.87     10598.71      9543.45
       524288           80     14529.27     18188.78     16345.65
      1048576           40     30341.44     36007.84     32237.38
      2097152           20     59529.80     69274.41     64353.33
      4194304           10    111609.23    129675.90    119593.45

#----------------------------------------------------------------
# Benchmarking Alltoallv 
# #processes = 2 
# ( 1 additional process waiting in MPI_Barrier)
#----------------------------------------------------------------
       #bytes #repetitions  t_min[usec]  t_max[usec]  t_avg[usec]
            0         1000       123.13       273.82       198.47
            1         1000       111.98       287.41       199.69
            2         1000       130.00       187.01       158.51
            4         1000       111.86       207.68       159.77
            8         1000       195.89       201.19       198.54
           16         1000       200.55       201.78       201.17
           32         1000       173.72       192.19       182.96
           64         1000       114.00       150.74       132.37
          128         1000       115.69       282.12       198.90
          256         1000        25.57       290.95       158.26
          512         1000       117.87       277.62       197.75
         1024         1000       116.94       287.38       202.16
         2048         1000       218.42       290.19       254.31
         4096         1000       122.12       361.87       241.99
         8192         1000       215.55       305.90       260.73
        16384         1000       240.35       312.04       276.19
        32768         1000       257.01       504.08       380.54
        65536          640      1082.01      1712.43      1397.22
       131072          320      2078.48      3202.05      2640.27
       262144          160      4070.16      6520.61      5295.39
       524288           80      6031.70     12966.41      9499.06
      1048576           40     11104.81     17453.56     14279.19
      2097152           20     29252.90     31932.53     30592.72
      4194304           10     62204.77     77922.27     70063.52

#----------------------------------------------------------------
# Benchmarking Alltoallv 
# #processes = 3 
#----------------------------------------------------------------
       #bytes #repetitions  t_min[usec]  t_max[usec]  t_avg[usec]
            0         1000       306.10       470.79       376.32
            1         1000       409.31       483.12       450.36
            2         1000       322.60       461.38       380.91
            4         1000       356.64       439.16       407.07
            8         1000       319.16       419.08       382.58
           16         1000       359.60       458.19       407.28
           32         1000       359.60       457.50       405.05
           64         1000       371.89       578.48       444.58
          128         1000       313.28       463.96       386.66
          256         1000       317.46       631.55       450.00
          512         1000       195.32       591.38       344.57
         1024         1000       175.73       536.87       353.74
         2048         1000       395.32       547.50       480.16
         4096         1000       200.91       666.22       447.92
         8192         1000       393.91       543.94       457.77
        16384         1000       303.58       741.52       464.99
        32768         1000       794.95      1087.48       904.38
        65536          640      2387.15      3106.96      2834.32
       131072          320      3820.36      5243.94      4740.55
       262144          160      6121.82      9576.31      7846.56
       524288           80     16277.00     20533.68     18535.28
      1048576           40     30050.22     38981.92     35216.69
      2097152           20     60404.28     73814.14     67463.91
      4194304           10    149022.26    152244.68    150395.87

#----------------------------------------------------------------
# Benchmarking Bcast 
# #processes = 2 
# ( 1 additional process waiting in MPI_Barrier)
#----------------------------------------------------------------
       #bytes #repetitions  t_min[usec]  t_max[usec]  t_avg[usec]
            0         1000         0.07         0.08         0.07
            1         1000         7.78       337.68       172.73
            2         1000         7.76       415.00       211.38
            4         1000         7.67       381.88       194.78
            8         1000         7.99       383.82       195.91
           16         1000         6.67       308.77       157.72
           32         1000         7.95       342.03       174.99
           64         1000         7.59       373.43       190.51
          128         1000         7.75       259.25       133.50
          256         1000         7.67       307.36       157.52
          512         1000         7.94       391.72       199.83
         1024         1000        11.05       373.00       192.02
         2048         1000        15.01       310.43       162.72
         4096         1000        18.26       429.67       223.97
         8192         1000        28.95       491.69       260.32
        16384         1000        54.91       603.86       329.39
        32768         1000       149.64      1054.18       601.91
        65536          640       225.62      1723.77       974.70
       131072          320      1762.24      3710.17      2736.20
       262144          160      3552.30      7381.89      5467.10
       524288           80     12106.63     14814.36     13460.50
      1048576           40     20547.84     25169.07     22858.46
      2097152           20     58785.39     59625.49     59205.44
      4194304           10    118263.84    118891.38    118577.61

#----------------------------------------------------------------
# Benchmarking Bcast 
# #processes = 3 
#----------------------------------------------------------------
       #bytes #repetitions  t_min[usec]  t_max[usec]  t_avg[usec]
            0         1000         0.07         0.07         0.07
            1         1000        11.69       256.41       124.46
            2         1000        11.78       239.31       162.03
            4         1000        11.51       177.37       106.53
            8         1000        12.00       161.11        94.75
           16         1000        11.74       225.12       142.21
           32         1000        11.94       259.00       125.17
           64         1000        12.81       147.29        83.13
          128         1000        14.24       211.96       111.64
          256         1000        13.30       168.78        97.79
          512         1000        15.25       181.99       106.02
         1024         1000        16.62       242.85       135.31
         2048         1000        12.00       402.16       249.88
         4096         1000        22.92       425.23       274.94
         8192         1000        46.52       482.11       301.74
        16384         1000       102.67       788.47       486.63
        32768         1000       260.35      1552.64      1096.08
        65536          640       568.17      2633.21      1834.36
       131072          320      1030.99      5887.82      3945.58
       262144          160      2195.47     10873.82      7222.47
       524288           80       798.41     12705.45      8026.42
      1048576           40     23093.87     27537.87     25813.63
      2097152           20     51084.18     59217.84     56155.09
      4194304           10    106377.10    111566.08    109380.43

#---------------------------------------------------
# Benchmarking Barrier 
# #processes = 2 
# ( 1 additional process waiting in MPI_Barrier)
#---------------------------------------------------
 #repetitions  t_min[usec]  t_max[usec]  t_avg[usec]
         1000       142.24       142.29       142.27

#---------------------------------------------------
# Benchmarking Barrier 
# #processes = 3 
#---------------------------------------------------
 #repetitions  t_min[usec]  t_max[usec]  t_avg[usec]
         1000       313.64       313.65       313.65


# All processes entering MPI_Finalize

