#------------------------------------------------------------
#    Intel(R) MPI Benchmarks 2019 Update 2, MPI-1 part    
#------------------------------------------------------------
# Date                  : Mon Mar 25 19:05:31 2019
# Machine               : x86_64
# System                : Linux
# Release               : 4.14.91+
# Version               : #1 SMP Wed Jan 23 21:34:58 PST 2019
# MPI Version           : 3.1
# MPI Thread Environment: 


# Calling sequence was: 

# /home/openmpi/mpi-benchmarks/IMB-MPI1 

# Minimum message length in bytes:   0
# Maximum message length in bytes:   4194304
#
# MPI_Datatype                   :   MPI_BYTE 
# MPI_Datatype for reductions    :   MPI_FLOAT 
# MPI_Op                         :   MPI_SUM  
# 
# 

# List of Benchmarks to run:

# PingPong
# PingPing
# Sendrecv
# Exchange
# Allreduce
# Reduce
# Reduce_local
# Reduce_scatter
# Reduce_scatter_block
# Allgather
# Allgatherv
# Gather
# Gatherv
# Scatter
# Scatterv
# Alltoall
# Alltoallv
# Bcast
# Barrier

#---------------------------------------------------
# Benchmarking PingPong 
# #processes = 2 
# ( 8 additional processes waiting in MPI_Barrier)
#---------------------------------------------------
       #bytes #repetitions      t[usec]   Mbytes/sec
            0         1000       173.73         0.00
            1         1000       130.97         0.01
            2         1000       167.66         0.01
            4         1000       154.26         0.03
            8         1000       136.27         0.06
           16         1000       163.63         0.10
           32         1000       164.66         0.19
           64         1000       170.34         0.38
          128         1000       165.36         0.77
          256         1000       202.34         1.27
          512         1000       131.24         3.90
         1024         1000       148.07         6.92
         2048         1000       181.71        11.27
         4096         1000       208.44        19.65
         8192         1000       179.94        45.53
        16384         1000       257.89        63.53
        32768         1000       372.90        87.87
        65536          640       869.19        75.40
       131072          320      1125.59       116.45
       262144          160      2458.86       106.61
       524288           80      2732.59       191.87
      1048576           40      4098.40       255.85
      2097152           20      5060.88       414.38
      4194304           10      9735.67       430.82

#---------------------------------------------------
# Benchmarking PingPing 
# #processes = 2 
# ( 8 additional processes waiting in MPI_Barrier)
#---------------------------------------------------
       #bytes #repetitions      t[usec]   Mbytes/sec
            0         1000       185.97         0.00
            1         1000       208.13         0.00
            2         1000       182.05         0.01
            4         1000       192.77         0.02
            8         1000       183.88         0.04
           16         1000       128.50         0.12
           32         1000       157.04         0.20
           64         1000       154.71         0.41
          128         1000       189.54         0.68
          256         1000       179.16         1.43
          512         1000       193.12         2.65
         1024         1000       122.17         8.38
         2048         1000       250.45         8.18
         4096         1000       207.97        19.70
         8192         1000       247.65        33.08
        16384         1000       305.58        53.62
        32768         1000       441.13        74.28
        65536          640       935.89        70.03
       131072          320      1412.55        92.79
       262144          160      1844.09       142.15
       524288           80      2803.21       187.03
      1048576           40      4469.43       234.61
      2097152           20      8560.54       244.98
      4194304           10     16715.56       250.92

#-----------------------------------------------------------------------------
# Benchmarking Sendrecv 
# #processes = 2 
# ( 8 additional processes waiting in MPI_Barrier)
#-----------------------------------------------------------------------------
       #bytes #repetitions  t_min[usec]  t_max[usec]  t_avg[usec]   Mbytes/sec
            0         1000       193.27       193.36       193.31         0.00
            1         1000       162.66       163.33       162.99         0.01
            2         1000       194.17       194.18       194.18         0.02
            4         1000       173.99       174.00       174.00         0.05
            8         1000       167.27       167.30       167.28         0.10
           16         1000       151.49       151.51       151.50         0.21
           32         1000       209.12       210.95       210.03         0.30
           64         1000       104.56       105.67       105.12         1.21
          128         1000       176.94       176.96       176.95         1.45
          256         1000       230.76       230.81       230.79         2.22
          512         1000       196.04       201.10       198.57         5.09
         1024         1000       213.08       213.17       213.12         9.61
         2048         1000       221.83       221.90       221.86        18.46
         4096         1000       214.05       214.11       214.08        38.26
         8192         1000       290.96       291.07       291.02        56.29
        16384         1000       298.17       298.21       298.19       109.88
        32768         1000       390.93       391.13       391.03       167.55
        65536          640      1267.28      1267.54      1267.41       103.41
       131072          320      1777.39      1777.90      1777.65       147.45
       262144          160      2076.54      2096.06      2086.30       250.13
       524288           80      3086.15      3127.44      3106.79       335.28
      1048576           40      4531.02      4534.55      4532.78       462.48
      2097152           20      8812.75      9050.08      8931.41       463.46
      4194304           10     26120.17     26889.50     26504.84       311.97

#-----------------------------------------------------------------------------
# Benchmarking Sendrecv 
# #processes = 4 
# ( 6 additional processes waiting in MPI_Barrier)
#-----------------------------------------------------------------------------
       #bytes #repetitions  t_min[usec]  t_max[usec]  t_avg[usec]   Mbytes/sec
            0         1000       613.42       616.86       615.05         0.00
            1         1000       566.77       566.98       566.85         0.00
            2         1000       590.80       594.27       592.09         0.01
            4         1000       618.00       618.12       618.04         0.01
            8         1000       586.86       588.96       587.90         0.03
           16         1000       575.73       579.66       577.75         0.06
           32         1000       634.69       637.32       636.18         0.10
           64         1000       606.33       606.44       606.38         0.21
          128         1000       687.04       689.38       688.71         0.37
          256         1000       749.40       754.32       751.27         0.68
          512         1000       639.89       639.98       639.94         1.60
         1024         1000       591.71       591.76       591.73         3.46
         2048         1000       666.52       668.61       667.96         6.13
         4096         1000       688.56       688.75       688.66        11.89
         8192         1000       731.51       736.36       733.77        22.25
        16384         1000       907.37       909.05       908.18        36.05
        32768         1000       921.19       923.98       922.90        70.93
        65536          640      2323.02      2325.80      2324.39        56.36
       131072          320      2616.93      2620.70      2618.70       100.03
       262144          160      2875.44      2889.57      2883.42       181.44
       524288           80      3377.16      3453.98      3427.36       303.58
      1048576           40      4757.67      4841.59      4812.49       433.15
      2097152           20      8534.70      8766.17      8646.94       478.46
      4194304           10     19286.92     19774.29     19470.15       424.22

#-----------------------------------------------------------------------------
# Benchmarking Sendrecv 
# #processes = 8 
# ( 2 additional processes waiting in MPI_Barrier)
#-----------------------------------------------------------------------------
       #bytes #repetitions  t_min[usec]  t_max[usec]  t_avg[usec]   Mbytes/sec
            0         1000      1317.93      1322.68      1319.83         0.00
            1         1000      1256.68      1260.12      1259.31         0.00
            2         1000      1387.43      1394.43      1391.05         0.00
            4         1000      1482.37      1488.02      1484.96         0.01
            8         1000      1425.07      1429.97      1427.29         0.01
           16         1000      1432.04      1437.05      1434.77         0.02
           32         1000      1508.23      1515.97      1512.55         0.04
           64         1000      1407.34      1413.94      1409.61         0.09
          128         1000      1501.30      1508.24      1504.41         0.17
          256         1000      1404.54      1454.57      1413.53         0.35
          512         1000      1399.10      1405.13      1401.90         0.73
         1024         1000      1372.58      1380.98      1376.19         1.48
         2048         1000      1398.79      1405.08      1401.84         2.92
         4096         1000      1430.31      1434.00      1432.42         5.71
         8192         1000      1495.05      1500.93      1497.59        10.92
        16384         1000      1601.22      1610.05      1607.37        20.35
        32768         1000      1541.17      1544.83      1543.01        42.42
        65536          640      4952.28      4962.49      4957.59        26.41
       131072          320      4694.74      4859.93      4776.45        53.94
       262144          160      7053.48      7304.70      7265.94        71.77
       524288           80     11393.55     11673.93     11545.43        89.82
      1048576           40     14188.32     14590.09     14405.05       143.74
      2097152           20     27091.77     30682.61     28982.63       136.70
      4194304           10     36409.28     47206.35     42681.78       177.70

#-----------------------------------------------------------------------------
# Benchmarking Sendrecv 
# #processes = 10 
#-----------------------------------------------------------------------------
       #bytes #repetitions  t_min[usec]  t_max[usec]  t_avg[usec]   Mbytes/sec
            0         1000      1380.87      1388.67      1385.56         0.00
            1         1000      1505.59      1517.97      1510.98         0.00
            2         1000      1493.36      1506.08      1501.26         0.00
            4         1000      1576.26      1583.05      1579.51         0.01
            8         1000      1385.63      1391.42      1388.57         0.01
           16         1000      1387.87      1395.87      1391.86         0.02
           32         1000      1391.21      1400.32      1395.42         0.05
           64         1000      1442.08      1492.88      1480.39         0.09
          128         1000      1322.04      1329.37      1325.35         0.19
          256         1000      1312.05      1319.58      1316.13         0.39
          512         1000      1298.07      1315.50      1307.44         0.78
         1024         1000      1508.21      1515.13      1512.62         1.35
         2048         1000      1495.77      1511.77      1503.92         2.71
         4096         1000      1523.08      1541.12      1533.55         5.32
         8192         1000      1517.18      1529.47      1525.37        10.71
        16384         1000      1684.93      1692.54      1688.86        19.36
        32768         1000      2065.47      2073.76      2070.33        31.60
        65536          640      4508.12      4518.60      4513.51        29.01
       131072          320      4810.23      4963.57      4928.14        52.81
       262144          160      7417.84      7466.22      7450.01        70.22
       524288           80     13099.38     13699.92     13545.78        76.54
      1048576           40     20497.44     22198.69     21179.86        94.47
      2097152           20     27494.14     31992.87     30241.02       131.10
      4194304           10     52298.63     70043.81     61715.84       119.76

#-----------------------------------------------------------------------------
# Benchmarking Exchange 
# #processes = 2 
# ( 8 additional processes waiting in MPI_Barrier)
#-----------------------------------------------------------------------------
       #bytes #repetitions  t_min[usec]  t_max[usec]  t_avg[usec]   Mbytes/sec
            0         1000       262.99       263.07       263.03         0.00
            1         1000       236.56       236.65       236.61         0.02
            2         1000       257.58       257.63       257.60         0.03
            4         1000       262.34       265.37       263.85         0.06
            8         1000       192.80       192.85       192.83         0.17
           16         1000       240.05       240.08       240.07         0.27
           32         1000       263.03       263.06       263.05         0.49
           64         1000       294.88       294.89       294.89         0.87
          128         1000       234.60       234.60       234.60         2.18
          256         1000       241.87       241.92       241.89         4.23
          512         1000       249.11       252.08       250.60         8.12
         1024         1000       257.97       257.98       257.97        15.88
         2048         1000       311.04       311.12       311.08        26.33
         4096         1000       328.63       328.66       328.64        49.85
         8192         1000       404.72       404.81       404.76        80.95
        16384         1000       494.75       495.84       495.29       132.17
        32768         1000       621.95       622.02       621.98       210.72
        65536          640      2159.10      2159.20      2159.15       121.41
       131072          320      2838.60      2844.52      2841.56       184.31
       262144          160      3483.41      3484.21      3483.81       300.95
       524288           80      4995.20      5007.02      5001.11       418.84
      1048576           40      8902.90      8953.29      8928.09       468.47
      2097152           20     17391.09     17397.84     17394.46       482.16
      4194304           10     35876.81     36446.96     36161.88       460.32

#-----------------------------------------------------------------------------
# Benchmarking Exchange 
# #processes = 4 
# ( 6 additional processes waiting in MPI_Barrier)
#-----------------------------------------------------------------------------
       #bytes #repetitions  t_min[usec]  t_max[usec]  t_avg[usec]   Mbytes/sec
            0         1000       715.15       717.15       716.63         0.00
            1         1000       758.22       760.35       759.77         0.01
            2         1000       719.46       719.58       719.51         0.01
            4         1000       713.83       718.04       715.86         0.02
            8         1000       641.44       642.22       642.00         0.05
           16         1000       847.54       850.80       849.31         0.08
           32         1000       908.56       908.59       908.58         0.14
           64         1000       759.58       759.67       759.61         0.34
          128         1000       776.51       782.40       779.54         0.65
          256         1000       829.04       829.17       829.13         1.23
          512         1000       756.23       758.18       757.21         2.70
         1024         1000       741.40       741.43       741.42         5.52
         2048         1000      1017.74      1022.19      1019.63         8.01
         4096         1000       785.54       791.36       788.98        20.70
         8192         1000       897.69       898.78       898.23        36.46
        16384         1000      1037.69      1039.36      1038.89        63.05
        32768         1000      1193.67      1200.10      1196.88       109.22
        65536          640      4137.56      4150.90      4143.78        63.15
       131072          320      4277.84      4285.69      4281.75       122.33
       262144          160      5012.75      5028.94      5021.61       208.51
       524288           80      6130.04      6177.18      6145.17       339.50
      1048576           40      8948.69      9058.36      9018.54       463.03
      2097152           20     17591.07     17968.12     17749.51       466.86
      4194304           10     45558.40     46013.67     45745.77       364.61

#-----------------------------------------------------------------------------
# Benchmarking Exchange 
# #processes = 8 
# ( 2 additional processes waiting in MPI_Barrier)
#-----------------------------------------------------------------------------
       #bytes #repetitions  t_min[usec]  t_max[usec]  t_avg[usec]   Mbytes/sec
            0         1000      2389.07      2393.07      2391.58         0.00
            1         1000      2697.04      2701.83      2699.76         0.00
            2         1000      2628.15      2631.99      2630.31         0.00
            4         1000      2474.11      2481.75      2478.49         0.01
            8         1000      2403.60      2409.16      2406.36         0.01
           16         1000      2577.01      2580.98      2578.36         0.02
           32         1000      2571.17      2575.49      2573.07         0.05
           64         1000      2911.43      2919.81      2914.86         0.09
          128         1000      2570.89      2575.00      2572.71         0.20
          256         1000      2275.63      2277.94      2276.42         0.45
          512         1000      2286.05      2293.94      2289.53         0.89
         1024         1000      2431.16      2435.95      2433.03         1.68
         2048         1000      2601.30      2606.00      2603.41         3.14
         4096         1000      2702.03      2705.95      2703.74         6.05
         8192         1000      2341.00      2392.94      2384.70        13.69
        16384         1000      2407.76      2460.33      2417.43        26.64
        32768         1000      2632.79      2685.96      2664.98        48.80
        65536          640      8323.46      8393.69      8377.47        31.23
       131072          320      9957.04      9983.63      9968.99        52.51
       262144          160     13414.34     13687.70     13525.78        76.61
       524288           80     18869.56     19023.27     18954.98       110.24
      1048576           40     27999.14     29009.03     28574.13       144.59
      2097152           20     48193.93     52923.53     50690.59       158.50
      4194304           10     98318.83    110464.86    104807.18       151.88

#-----------------------------------------------------------------------------
# Benchmarking Exchange 
# #processes = 10 
#-----------------------------------------------------------------------------
       #bytes #repetitions  t_min[usec]  t_max[usec]  t_avg[usec]   Mbytes/sec
            0         1000      2615.02      2662.99      2632.62         0.00
            1         1000      2682.14      2693.96      2689.04         0.00
            2         1000      2529.14      2534.87      2532.49         0.00
            4         1000      2710.06      2771.35      2742.40         0.01
            8         1000      2693.31      2701.01      2697.66         0.01
           16         1000      2495.15      2499.57      2497.47         0.03
           32         1000      2378.62      2389.00      2386.53         0.05
           64         1000      2323.15      2326.66      2324.91         0.11
          128         1000      2576.45      2580.82      2578.48         0.20
          256         1000      2507.46      2511.14      2509.16         0.41
          512         1000      2513.64      2523.77      2519.24         0.81
         1024         1000      2500.65      2509.57      2504.45         1.63
         2048         1000      2599.33      2608.40      2603.71         3.14
         4096         1000      2613.14      2667.61      2655.52         6.14
         8192         1000      2609.39      2614.21      2611.80        12.53
        16384         1000      2723.03      2785.00      2760.86        23.53
        32768         1000      2800.40      2806.02      2803.65        46.71
        65536          640      7970.59      8065.18      8028.04        32.50
       131072          320      8804.55      8831.47      8814.60        59.37
       262144          160     13793.89     13837.17     13815.77        75.78
       524288           80     23106.99     24348.78     23678.96        86.13
      1048576           40     30861.02     31815.49     31454.08       131.83
      2097152           20     52199.85     55384.95     54054.28       151.46
      4194304           10    104713.44    116272.34    109602.77       144.29

#----------------------------------------------------------------
# Benchmarking Allreduce 
# #processes = 2 
# ( 8 additional processes waiting in MPI_Barrier)
#----------------------------------------------------------------
       #bytes #repetitions  t_min[usec]  t_max[usec]  t_avg[usec]
            0         1000         0.07         2.63         1.35
            4         1000       122.70       236.87       179.78
            8         1000       186.69       204.08       195.38
           16         1000       194.37       200.80       197.59
           32         1000       157.09       166.96       162.02
           64         1000       107.15       235.31       171.23
          128         1000       145.10       183.52       164.31
          256         1000       144.12       271.49       207.80
          512         1000       182.92       248.40       215.66
         1024         1000       140.46       264.63       202.55
         2048         1000       229.48       250.01       239.75
         4096         1000       182.08       285.03       233.55
         8192         1000       228.59       275.05       251.82
        16384         1000       436.89       455.95       446.42
        32768         1000       565.90       583.07       574.48
        65536          640       720.63       750.26       735.44
       131072          320      2691.97      2786.88      2739.42
       262144          160      2626.58      2731.12      2678.85
       524288           80      3405.56      3656.94      3531.25
      1048576           40      6213.18      6216.03      6214.61
      2097152           20      9597.62      9748.67      9673.14
      4194304           10     17613.01     17978.04     17795.53

#----------------------------------------------------------------
# Benchmarking Allreduce 
# #processes = 4 
# ( 6 additional processes waiting in MPI_Barrier)
#----------------------------------------------------------------
       #bytes #repetitions  t_min[usec]  t_max[usec]  t_avg[usec]
            0         1000         0.12         0.17         0.14
            4         1000       995.28      1101.15      1052.47
            8         1000       989.94      1139.07      1064.59
           16         1000      1106.80      1199.57      1155.85
           32         1000      1055.98      1203.87      1147.57
           64         1000      1064.72      1151.57      1118.59
          128         1000       976.40      1265.23      1139.74
          256         1000       941.21      1159.25      1058.96
          512         1000      1049.44      1181.25      1115.36
         1024         1000      1289.44      1348.41      1311.52
         2048         1000      1092.39      1340.74      1230.62
         4096         1000      1054.21      1469.80      1275.46
         8192         1000      1360.33      1549.29      1438.80
        16384         1000      3679.72      3889.98      3775.63
        32768         1000      3578.62      3827.70      3706.09
        65536          640      4273.59      4395.71      4325.53
       131072          320      4911.16      5052.43      4998.43
       262144          160     13736.24     14217.13     14027.08
       524288           80     16222.97     16722.32     16498.59
      1048576           40     18773.81     19192.80     18941.18
      2097152           20     24199.07     25760.81     25004.04
      4194304           10     31160.52     33927.28     32470.84

#----------------------------------------------------------------
# Benchmarking Allreduce 
# #processes = 8 
# ( 2 additional processes waiting in MPI_Barrier)
#----------------------------------------------------------------
       #bytes #repetitions  t_min[usec]  t_max[usec]  t_avg[usec]
            0         1000         0.22         0.53         0.35
            4         1000      5718.42      6238.33      5944.62
            8         1000      5535.27      6800.56      6382.42
           16         1000      5966.12      6543.09      6142.13
           32         1000      5915.20      6308.44      6089.26
           64         1000      5820.02      6915.43      6536.02
          128         1000      5903.58      6188.11      6101.68
          256         1000      5610.32      6037.07      5853.26
          512         1000      5263.23      6700.21      6176.38
         1024         1000      5855.78      6421.84      6183.89
         2048         1000      5482.45      6394.47      5908.24
         4096         1000      5823.20      6137.01      5987.49
         8192         1000      5849.69      6282.67      6011.03
        16384          540     19520.91     22721.55     20892.52
        32768 time-out.; Time limit (secs_per_sample * msg_sizes_list_len) is over; use "-time X" or SECS_PER_SAMPLE=X (IMB_settings.h) to increase time limit.

#----------------------------------------------------------------
# Benchmarking Reduce 
# #processes = 2 
# ( 8 additional processes waiting in MPI_Barrier)
#----------------------------------------------------------------
       #bytes #repetitions  t_min[usec]  t_max[usec]  t_avg[usec]
            0         1000         0.10         0.13         0.12
            4         1000        22.13       258.44       140.29
            8         1000        15.75       308.68       162.22
           16         1000        16.30       298.59       157.44
           32         1000        15.87       358.54       187.20
           64         1000        14.85       277.33       146.09
          128         1000        12.80       280.37       146.59
          256         1000        15.03       331.33       173.18
          512         1000        15.91       339.83       177.87
         1024         1000        21.32       424.68       223.00
         2048         1000        12.52       281.38       146.95
         4096         1000        26.15       305.41       165.78
         8192         1000        23.04       354.26       188.65
        16384         1000        18.43       427.85       223.14
        32768         1000        43.71       547.38       295.54
        65536          640        40.11       539.05       289.58
       131072          320      1162.94      1964.62      1563.78
       262144          160      2411.22      3104.22      2757.72
       524288           80      5736.64      6179.43      5958.03
      1048576           40     11415.16     12309.43     11862.29
      2097152           20     22773.26     23509.65     23141.45
      4194304           10     55205.71     55650.79     55428.25

#----------------------------------------------------------------
# Benchmarking Reduce 
# #processes = 4 
# ( 6 additional processes waiting in MPI_Barrier)
#----------------------------------------------------------------
       #bytes #repetitions  t_min[usec]  t_max[usec]  t_avg[usec]
            0         1000         0.13         0.16         0.15
            4         1000        12.84      1001.70       261.91
            8         1000         9.31      1280.08       330.67
           16         1000         6.78      1307.20       336.89
           32         1000        10.00      1171.42       302.18
           64         1000        13.21      1190.16       308.98
          128         1000         9.56      1174.19       307.17
          256         1000        12.14      1132.40       293.36
          512         1000        10.81      1936.59       780.75
         1024         1000        12.13      1982.00       772.05
         2048         1000        13.91      2073.85       840.74
         4096         1000        14.33      2109.16       849.85
         8192         1000        13.89      2219.57       897.34
        16384         1000        14.96      2234.39       859.15
        32768         1000        25.96      2042.67       727.17
        65536          640        33.84      2519.78       974.37
       131072          320       107.87      3800.51      1926.18
       262144          160       174.57      4804.33      2565.47
       524288           80       422.08      6502.93      3603.36
      1048576           40     28439.71     33963.79     31737.65
      2097152           20     66257.82     71970.44     69769.57
      4194304           10    113066.60    118871.12    116517.83

#----------------------------------------------------------------
# Benchmarking Reduce 
# #processes = 8 
# ( 2 additional processes waiting in MPI_Barrier)
#----------------------------------------------------------------
       #bytes #repetitions  t_min[usec]  t_max[usec]  t_avg[usec]
            0         1000         0.24         0.41         0.33
            4          998         8.23      9976.79      2684.45
            8          998         9.93      9974.93      2691.89
           16          998         8.68     10129.63      2777.65
           32          985         9.76      9787.73      2655.07
           64          985         8.44      9782.20      2735.44
          128          985         8.54      9951.51      2764.73
          256          985        10.73     10020.57      2746.98
          512          985         9.30      9720.58      2676.79
         1024          985         9.51     10115.97      2788.50
         2048          954        17.31     10014.15      2766.10
         4096          954        30.34     10014.71      2794.94
         8192 time-out.; Time limit (secs_per_sample * msg_sizes_list_len) is over; use "-time X" or SECS_PER_SAMPLE=X (IMB_settings.h) to increase time limit.

#----------------------------------------------------------------
# Benchmarking Reduce_local 
# #processes = 2 
# ( 8 additional processes waiting in MPI_Barrier)
#----------------------------------------------------------------
       #bytes #repetitions  t_min[usec]  t_max[usec]  t_avg[usec]
            0         1000         0.08         0.09         0.09
            4         1000         0.13         0.13         0.13
            8         1000         0.10         0.14         0.12
           16         1000         0.11         0.14         0.12
           32         1000         0.13         0.13         0.13
           64         1000         0.13         0.15         0.14
          128         1000         0.15         0.17         0.16
          256         1000         0.17         0.19         0.18
          512         1000         0.21         0.24         0.23
         1024         1000         0.36         2.35         1.35
         2048         1000         0.55         0.59         0.57
         4096         1000         1.01         3.99         2.50
         8192         1000         1.94        10.53         6.23
        16384         1000         4.94         7.31         6.12
        32768         1000        10.36        10.56        10.46
        65536          640        34.07        38.32        36.19
       131072          320        49.71        66.23        57.97
       262144          160       109.69       172.43       141.06
       524288           80       190.61       312.50       251.56
      1048576           40       446.94       617.78       532.36
      2097152           20       683.93       701.12       692.52
      4194304           10      1805.71      1914.21      1859.96

#----------------------------------------------------------------
# Benchmarking Reduce_local 
# #processes = 4 
# ( 6 additional processes waiting in MPI_Barrier)
#----------------------------------------------------------------
       #bytes #repetitions  t_min[usec]  t_max[usec]  t_avg[usec]
            0         1000         0.12         0.19         0.15
            4         1000         0.22         0.36         0.26
            8         1000         0.19         0.32         0.24
           16         1000         0.23         0.42         0.31
           32         1000         0.22         0.27         0.25
           64         1000         0.19         0.25         0.22
          128         1000         0.21         0.31         0.25
          256         1000         0.28         0.33         0.30
          512         1000         0.33         2.45         0.87
         1024         1000         0.47         2.48         1.01
         2048         1000         0.65         1.81         0.99
         4096         1000         1.23         4.34         2.56
         8192         1000         2.09         8.34         5.10
        16384         1000         4.04         8.99         6.11
        32768         1000        12.40        23.41        19.48
        65536          640        16.40        35.98        24.85
       131072          320        36.92       110.67        63.38
       262144          160        96.63       149.18       115.15
       524288           80       167.59       253.48       217.63
      1048576           40       282.03       544.83       434.51
      2097152           20       607.62      1086.66       869.75
      4194304           10      2052.58      2316.31      2225.13

#----------------------------------------------------------------
# Benchmarking Reduce_local 
# #processes = 8 
# ( 2 additional processes waiting in MPI_Barrier)
#----------------------------------------------------------------
       #bytes #repetitions  t_min[usec]  t_max[usec]  t_avg[usec]
            0         1000         0.24         0.44         0.34
            4         1000         0.44         2.84         0.91
            8         1000         0.52         3.60         1.24
           16         1000         0.47         0.65         0.56
           32         1000         0.49         3.00         0.93
           64         1000         0.49         0.67         0.57
          128         1000         0.47         0.83         0.63
          256         1000         0.57         0.72         0.63
          512         1000         0.67         2.75         1.26
         1024         1000         0.80         3.22         1.34
         2048         1000         1.12         4.29         2.16
         4096         1000         1.68         4.59         2.28
         8192         1000         2.88         9.91         5.54
        16384         1000         4.83         7.72         5.88
        32768         1000         9.13        24.21        15.52
        65536          640        20.41        27.42        23.97
       131072 time-out.; Time limit (secs_per_sample * msg_sizes_list_len) is over; use "-time X" or SECS_PER_SAMPLE=X (IMB_settings.h) to increase time limit.

#----------------------------------------------------------------
# Benchmarking Reduce_scatter 
# #processes = 2 
# ( 8 additional processes waiting in MPI_Barrier)
#----------------------------------------------------------------
       #bytes #repetitions  t_min[usec]  t_max[usec]  t_avg[usec]
            0         1000         0.11         0.11         0.11
            4         1000       160.35       188.21       174.28
            8         1000       172.76       212.91       192.84
           16         1000       162.22       181.02       171.62
           32         1000       177.88       211.25       194.57
           64         1000       146.61       240.29       193.45
          128         1000       176.49       199.77       188.13
          256         1000       115.12       231.73       173.43
          512         1000       224.99       249.79       237.39
         1024         1000       180.00       218.47       199.24
         2048         1000       225.70       255.69       240.69
         4096         1000       237.43       259.93       248.68
         8192         1000       219.35       263.90       241.62
        16384         1000       256.34       283.99       270.17
        32768         1000       236.48       461.34       348.91
        65536          640       793.07       966.42       879.75
       131072          320      1319.95      1343.92      1331.94
       262144          160      1810.36      1908.07      1859.21
       524288           80      3026.85      3060.08      3043.47
      1048576           40      5667.07      6470.99      6069.03
      2097152           20      9138.43      9170.56      9154.49
      4194304           10     20444.41     23986.15     22215.28

#----------------------------------------------------------------
# Benchmarking Reduce_scatter 
# #processes = 4 
# ( 6 additional processes waiting in MPI_Barrier)
#----------------------------------------------------------------
       #bytes #repetitions  t_min[usec]  t_max[usec]  t_avg[usec]
            0         1000         0.14         3.18         1.18
            4         1000       951.50      1226.34      1065.96
            8         1000      1074.06      1135.25      1109.83
           16         1000      1041.95      1210.12      1125.73
           32         1000      1039.96      1118.17      1088.21
           64         1000      1045.75      1143.94      1096.34
          128         1000       899.49      1143.49      1016.02
          256         1000      1022.84      1224.13      1125.58
          512         1000      1088.23      1223.31      1159.39
         1024         1000       977.07      1127.08      1065.77
         2048         1000      1098.80      1166.01      1133.69
         4096         1000      1220.94      1266.27      1247.86
         8192         1000      1214.80      1389.82      1312.67
        16384         1000      1548.17      1655.74      1600.70
        32768         1000      2628.84      3076.35      2792.85
        65536          640      4344.48      4469.23      4426.87
       131072          320      7096.32      7500.37      7249.86
       262144          160      8530.38      9037.83      8758.66
       524288           80     12432.81     13471.21     12923.77
      1048576           40     17867.33     19042.89     18296.05
      2097152           20     31324.33     31828.89     31545.56
      4194304           10     82564.01     89325.82     86356.19

#----------------------------------------------------------------
# Benchmarking Reduce_scatter 
# #processes = 8 
# ( 2 additional processes waiting in MPI_Barrier)
#----------------------------------------------------------------
       #bytes #repetitions  t_min[usec]  t_max[usec]  t_avg[usec]
            0         1000         0.36         2.42         0.66
            4         1000      4418.90      6492.74      5414.80
            8         1000      4564.90      6241.48      5422.99
           16         1000      4583.29      6564.49      5587.64
           32         1000      4646.44      7205.46      5725.06
           64         1000      4470.52      6652.03      5460.75
          128         1000      4362.70      7089.18      5586.83
          256         1000      4376.82      6371.72      5407.33
          512         1000      4503.04      6490.63      5439.58
         1024          905      4258.24      6500.91      5279.89
         2048          791      3994.49      6470.53      5254.40
         4096          791      4276.13      7559.14      5784.73
         8192          791      4780.50      7144.36      5951.24
        16384          791      6492.99      8492.86      7465.23
        32768          791      8240.87     11681.64      9987.83
        65536          249     26555.69     32877.46     30279.81
       131072 time-out.; Time limit (secs_per_sample * msg_sizes_list_len) is over; use "-time X" or SECS_PER_SAMPLE=X (IMB_settings.h) to increase time limit.

#----------------------------------------------------------------
# Benchmarking Reduce_scatter_block 
# #processes = 2 
# ( 8 additional processes waiting in MPI_Barrier)
#----------------------------------------------------------------
       #bytes #repetitions  t_min[usec]  t_max[usec]  t_avg[usec]
            0         1000         0.12         0.14         0.13
            4         1000        26.40       347.63       187.02
            8         1000        21.88       351.01       186.44
           16         1000        24.34       405.37       214.86
           32         1000        32.84       304.63       168.73
           64         1000        26.74       368.87       197.81
          128         1000        37.52       406.16       221.84
          256         1000        49.10       423.52       236.31
          512         1000        65.43       419.23       242.33
         1024         1000        63.47       365.31       214.39
         2048         1000        63.00       450.95       256.97
         4096         1000        83.18       444.89       264.04
         8192         1000       138.16       517.58       327.87
        16384         1000       215.11       713.91       464.51
        32768         1000       247.06       950.25       598.65
        65536          640      1922.79      2608.88      2265.83
       131072          320      4108.95      5005.16      4557.06
       262144          160      7072.86      8213.98      7643.42
       524288           80     15089.03     16394.19     15741.61
      1048576           40     26261.06     27175.45     26718.25
      2097152           20     65266.97     67243.65     66255.31
      4194304           10    113786.41    121678.39    117732.40

#----------------------------------------------------------------
# Benchmarking Reduce_scatter_block 
# #processes = 4 
# ( 6 additional processes waiting in MPI_Barrier)
#----------------------------------------------------------------
       #bytes #repetitions  t_min[usec]  t_max[usec]  t_avg[usec]
            0         1000         0.22         0.30         0.27
            4         1000       825.76      1721.15      1291.72
            8         1000       661.93      1330.93      1024.24
           16         1000       676.25      1544.13      1148.16
           32         1000       709.33      1515.02      1168.37
           64         1000       694.41      1617.58      1219.75
          128         1000       847.02      1528.83      1220.47
          256         1000       951.76      2067.16      1526.54
          512         1000       828.24      1715.59      1316.01
         1024         1000       852.71      1669.48      1319.07
         2048         1000      1015.50      1762.47      1463.22
         4096         1000      1224.12      2233.79      1779.70
         8192         1000      1185.10      2208.83      1812.85
        16384         1000      1285.97      2328.62      1861.74
        32768         1000      2378.24      3991.81      3195.81
        65536          640      5247.54      7956.70      6787.90
       131072          320      6584.07      9854.99      8479.20
       262144          160     35340.14     38630.92     37181.26
       524288           80     68429.18     71755.00     70090.82
      1048576           40    126845.05    130996.21    129052.67
      2097152           20    277339.66    295204.88    283524.31
      4194304           10    523252.42    597487.21    567973.96

#----------------------------------------------------------------
# Benchmarking Reduce_scatter_block 
# #processes = 8 
# ( 2 additional processes waiting in MPI_Barrier)
#----------------------------------------------------------------
       #bytes #repetitions  t_min[usec]  t_max[usec]  t_avg[usec]
            0         1000         0.53         0.72         0.61
            4         1000      3632.15      8819.31      6406.75
            8         1000      4017.08      9442.11      6891.89
           16          972      4354.54      9698.98      7180.75
           32          806      4076.94      9269.34      6843.57
           64          806      3905.18      9368.03      6723.75
          128          806      3301.20      8467.90      6067.09
          256          806      3353.27      8932.74      6380.36
          512          806      3946.27      9405.45      6692.98
         1024          806      3524.79      9380.67      6573.10
         2048          806      3225.84      8345.36      6151.92
         4096          806      3380.86      8589.07      6419.00
         8192          806      3784.40      9098.11      6753.14
        16384          806      3672.57      8436.66      6497.03
        32768          762     11580.41     15291.01     13856.30
        65536          230     19813.17     40188.41     30729.51
       131072 time-out.; Time limit (secs_per_sample * msg_sizes_list_len) is over; use "-time X" or SECS_PER_SAMPLE=X (IMB_settings.h) to increase time limit.

#----------------------------------------------------------------
# Benchmarking Allgather 
# #processes = 2 
# ( 8 additional processes waiting in MPI_Barrier)
#----------------------------------------------------------------
       #bytes #repetitions  t_min[usec]  t_max[usec]  t_avg[usec]
            0         1000         0.08         0.09         0.08
            1         1000       117.64       254.97       186.30
            2         1000       179.00       195.90       187.45
            4         1000       166.59       168.79       167.69
            8         1000       157.23       188.32       172.77
           16         1000       157.11       228.23       192.67
           32         1000       117.78       259.50       188.64
           64         1000       137.72       234.03       185.88
          128         1000       196.85       221.56       209.20
          256         1000       169.84       261.69       215.77
          512         1000       144.51       197.47       170.99
         1024         1000       125.23       265.91       195.57
         2048         1000       158.83       195.60       177.21
         4096         1000       202.93       210.59       206.76
         8192         1000       213.62       242.80       228.21
        16384         1000       343.97       395.41       369.69
        32768         1000       398.81       404.46       401.64
        65536          640      1001.70      1105.23      1053.46
       131072          320      1218.35      1749.33      1483.84
       262144          160      1482.24      2122.64      1802.44
       524288           80      2503.16      2905.74      2704.45
      1048576           40      3942.12      4882.77      4412.45
      2097152           20      7179.95      7626.97      7403.46
      4194304           10     14302.00     20112.28     17207.14

#----------------------------------------------------------------
# Benchmarking Allgather 
# #processes = 4 
# ( 6 additional processes waiting in MPI_Barrier)
#----------------------------------------------------------------
       #bytes #repetitions  t_min[usec]  t_max[usec]  t_avg[usec]
            0         1000         0.11         1.13         0.38
            1         1000      1102.08      1273.94      1194.76
            2         1000      1016.19      1213.88      1136.04
            4         1000       975.38      1320.85      1150.56
            8         1000      1081.11      1324.91      1218.54
           16         1000      1067.13      1242.57      1161.06
           32         1000      1175.37      1216.38      1191.90
           64         1000       994.41      1133.83      1080.32
          128         1000      1114.99      1274.11      1201.92
          256         1000      1177.97      1229.46      1204.06
          512         1000      1029.31      1210.02      1107.42
         1024         1000      1395.54      1487.86      1436.90
         2048         1000      1274.11      1294.68      1287.23
         4096         1000      1146.43      1253.92      1197.66
         8192         1000      1408.78      1459.58      1426.92
        16384         1000      1470.97      1869.56      1672.03
        32768         1000      2638.41      2862.63      2767.30
        65536          640      4483.24      4791.65      4680.90
       131072          320      5609.32      5732.06      5670.83
       262144          160      6070.76      6454.48      6224.87
       524288           80      8131.33      8567.90      8438.93
      1048576           40     11862.52     12475.00     12136.04
      2097152           20     26168.79     28030.00     27419.66
      4194304           10     95845.47    122490.53    107539.53

#----------------------------------------------------------------
# Benchmarking Allgather 
# #processes = 8 
# ( 2 additional processes waiting in MPI_Barrier)
#----------------------------------------------------------------
       #bytes #repetitions  t_min[usec]  t_max[usec]  t_avg[usec]
            0         1000         0.23         0.43         0.28
            1         1000      5857.32      6365.25      6112.58
            2         1000      5599.91      6500.07      5812.48
            4         1000      5984.39      6817.90      6167.74
            8         1000      5745.46      6598.63      6226.15
           16         1000      5579.22      6373.28      5838.38
           32         1000      5647.13      6265.71      6018.60
           64         1000      5662.87      5835.78      5758.03
          128         1000      5701.92      6229.61      5966.94
          256         1000      5772.24      6008.72      5911.67
          512         1000      5818.80      6395.58      6122.99
         1024          828      5839.46      6508.70      6303.80
         2048          828      5961.99      6152.51      6069.74
         4096          828      5954.30      6433.07      6208.16
         8192 time-out.; Time limit (secs_per_sample * msg_sizes_list_len) is over; use "-time X" or SECS_PER_SAMPLE=X (IMB_settings.h) to increase time limit.

#----------------------------------------------------------------
# Benchmarking Allgatherv 
# #processes = 2 
# ( 8 additional processes waiting in MPI_Barrier)
#----------------------------------------------------------------
       #bytes #repetitions  t_min[usec]  t_max[usec]  t_avg[usec]
            0         1000         0.09         0.10         0.09
            1         1000       165.86       211.29       188.58
            2         1000       164.20       195.84       180.02
            4         1000       175.66       251.54       213.60
            8         1000       122.20       162.56       142.38
           16         1000       186.43       186.99       186.71
           32         1000       154.23       204.91       179.57
           64         1000       160.73       221.03       190.88
          128         1000       147.54       210.91       179.22
          256         1000       187.60       229.29       208.45
          512         1000       156.48       193.87       175.18
         1024         1000       149.87       177.93       163.90
         2048         1000       140.09       267.43       203.76
         4096         1000       164.15       264.99       214.57
         8192         1000       237.23       285.64       261.44
        16384         1000       234.08       284.13       259.11
        32768         1000       307.76       325.28       316.52
        65536          640      1227.41      1305.75      1266.58
       131072          320      1271.87      1456.92      1364.39
       262144          160      1254.56      2188.79      1721.68
       524288           80      2310.43      2973.21      2641.82
      1048576           40      4381.96      4638.49      4510.22
      2097152           20      7497.09      8482.02      7989.55
      4194304           10     17078.24     19582.14     18330.19

#----------------------------------------------------------------
# Benchmarking Allgatherv 
# #processes = 4 
# ( 6 additional processes waiting in MPI_Barrier)
#----------------------------------------------------------------
       #bytes #repetitions  t_min[usec]  t_max[usec]  t_avg[usec]
            0         1000         0.11         0.19         0.14
            1         1000       964.13      1172.77      1060.11
            2         1000      1235.95      1351.96      1293.17
            4         1000      1086.29      1225.27      1151.13
            8         1000      1025.18      1151.02      1086.35
           16         1000       898.35      1166.72      1033.70
           32         1000       934.78      1062.99       998.01
           64         1000       888.78      1297.60      1112.01
          128         1000       965.14      1317.21      1132.23
          256         1000      1097.23      1262.14      1179.67
          512         1000      1097.55      1239.64      1164.25
         1024         1000      1007.13      1200.67      1093.32
         2048         1000       949.16      1184.10      1071.44
         4096         1000      1060.56      1359.81      1205.78
         8192         1000      1277.65      1357.19      1319.55
        16384         1000      1526.63      1833.51      1654.77
        32768         1000      3012.42      3254.26      3090.59
        65536          640      4317.64      4724.64      4570.63
       131072          320      5040.97      5444.66      5242.21
       262144          160      6470.71      6642.66      6543.50
       524288           80      7984.78      9032.88      8530.21
      1048576           40     12420.20     13000.77     12715.84
      2097152           20     24438.74     27636.88     26008.63
      4194304           10     86256.03    101216.41     95011.70

#----------------------------------------------------------------
# Benchmarking Allgatherv 
# #processes = 8 
# ( 2 additional processes waiting in MPI_Barrier)
#----------------------------------------------------------------
       #bytes #repetitions  t_min[usec]  t_max[usec]  t_avg[usec]
            0         1000         0.24         2.27         0.54
            1         1000      5565.40      6772.41      6095.50
            2         1000      5709.66      6829.34      6233.76
            4         1000      5815.42      6357.59      6127.78
            8          801      6140.18      7357.52      6641.95
           16          801      5686.79      6887.22      6188.21
           32          801      5680.23      7276.22      6765.67
           64          801      5772.14      6472.66      6202.52
          128          801      5937.83      7125.42      6450.52
          256          801      5147.21      7452.38      6591.64
          512          801      6046.90      6957.80      6440.27
         1024          801      5170.68      6949.30      6044.66
         2048          801      5942.78      6757.29      6303.71
         4096          801      5930.12      6474.46      6173.69
         8192          801      5840.61      9152.82      7696.38
        16384 time-out.; Time limit (secs_per_sample * msg_sizes_list_len) is over; use "-time X" or SECS_PER_SAMPLE=X (IMB_settings.h) to increase time limit.

#----------------------------------------------------------------
# Benchmarking Gather 
# #processes = 2 
# ( 8 additional processes waiting in MPI_Barrier)
#----------------------------------------------------------------
       #bytes #repetitions  t_min[usec]  t_max[usec]  t_avg[usec]
            0         1000         0.08         0.08         0.08
            1         1000        12.72       377.44       195.08
            2         1000        18.78       313.29       166.04
            4         1000        12.55       304.42       158.49
            8         1000        13.05       305.67       159.36
           16         1000         9.34       317.33       163.33
           32         1000        10.50       268.17       139.33
           64         1000        15.63       305.23       160.43
          128         1000         8.83       280.18       144.51
          256         1000         8.92       400.10       204.51
          512         1000        13.57       308.48       161.03
         1024         1000        12.71       346.46       179.59
         2048         1000        14.61       341.40       178.01
         4096         1000        21.20       365.60       193.40
         8192         1000        40.18       439.64       239.91
        16384         1000        27.11       531.08       279.09
        32768         1000        48.81       542.00       295.40
        65536          640        94.55       729.16       411.86
       131072          320       557.93      1329.12       943.52
       262144          160       962.86      1877.81      1420.34
       524288           80      1202.45      2522.98      1862.72
      1048576           40      1371.60      4312.43      2842.02
      2097152           20      2157.37      8776.89      5467.13
      4194304           10      4532.34     17643.52     11087.93

#----------------------------------------------------------------
# Benchmarking Gather 
# #processes = 4 
# ( 6 additional processes waiting in MPI_Barrier)
#----------------------------------------------------------------
       #bytes #repetitions  t_min[usec]  t_max[usec]  t_avg[usec]
            0         1000         0.12         0.14         0.13
            1         1000         6.74      1221.48       313.88
            2         1000        10.55      1146.99       304.92
            4         1000         6.00      1132.31       292.93
            8         1000         9.74      1084.16       280.21
           16         1000        12.56      1155.56       298.61
           32         1000         9.97      1006.09       261.13
           64         1000         7.82      1152.01       295.24
          128         1000         8.09      1135.34       292.77
          256         1000        10.14      1145.20       299.72
          512         1000         9.06      1250.17       320.19
         1024         1000         9.04      1226.85       316.14
         2048         1000        13.69      1372.35       362.96
         4096         1000         9.95      1264.25       329.04
         8192         1000       403.58      2550.85      1415.88
        16384         1000       405.83      2926.29      1571.93
        32768         1000       389.50      2945.08      1614.01
        65536          640       561.27      3288.87      1917.95
       131072          320      1145.64      4521.12      2766.29
       262144          160      1577.58      5390.84      3529.05
       524288           80      2122.83      6815.70      4521.15
      1048576           40      2137.12      8803.61      5030.82
      2097152           20      2438.61     12483.52      6598.17
      4194304           10      4901.23     20675.24     10630.31

#----------------------------------------------------------------
# Benchmarking Gather 
# #processes = 8 
# ( 2 additional processes waiting in MPI_Barrier)
#----------------------------------------------------------------
       #bytes #repetitions  t_min[usec]  t_max[usec]  t_avg[usec]
            0         1000         0.25         6.37         1.03
            1         1000         8.50      5679.27       719.78
            2         1000        10.21      5669.36       721.10
            4         1000         8.73      5472.98       695.17
            8         1000         8.03      5701.27       723.90
           16         1000         8.31      4913.21       627.04
           32         1000         7.80      5646.07       720.16
           64         1000         9.71      4815.57       612.69
          128         1000         8.92      5336.17       679.19
          256         1000        11.70      6105.27       783.85
          512         1000         9.06      4923.11       627.62
         1024         1000         8.51      5000.76       641.09
         2048         1000         9.83      5413.65       695.10
         4096         1000        12.16      5454.28       696.62
         8192          525      4936.93     18484.00     11848.07
        16384 time-out.; Time limit (secs_per_sample * msg_sizes_list_len) is over; use "-time X" or SECS_PER_SAMPLE=X (IMB_settings.h) to increase time limit.

#----------------------------------------------------------------
# Benchmarking Gatherv 
# #processes = 2 
# ( 8 additional processes waiting in MPI_Barrier)
#----------------------------------------------------------------
       #bytes #repetitions  t_min[usec]  t_max[usec]  t_avg[usec]
            0         1000         0.10         0.11         0.11
            1         1000        21.91       274.71       148.31
            2         1000        11.51       337.56       174.53
            4         1000        19.71       367.43       193.57
            8         1000        12.80       288.15       150.47
           16         1000         7.74       330.30       169.02
           32         1000        15.10       343.74       179.42
           64         1000        12.57       272.84       142.71
          128         1000        16.08       358.01       187.04
          256         1000        15.12       361.88       188.50
          512         1000        15.45       319.52       167.48
         1024         1000        10.99       343.98       177.49
         2048         1000        11.86       367.10       189.48
         4096         1000        19.35       306.76       163.06
         8192         1000        14.65       344.27       179.46
        16384         1000        27.41       487.68       257.54
        32768         1000        18.42       513.68       266.05
        65536          640       369.11       874.13       621.62
       131072          320       489.45      1306.09       897.77
       262144          160       627.59      1471.62      1049.60
       524288           80       923.13      2203.72      1563.43
      1048576           40      1308.09      4358.50      2833.29
      2097152           20      1897.37      8215.92      5056.65
      4194304           10      6435.37     16796.18     11615.77

#----------------------------------------------------------------
# Benchmarking Gatherv 
# #processes = 4 
# ( 6 additional processes waiting in MPI_Barrier)
#----------------------------------------------------------------
       #bytes #repetitions  t_min[usec]  t_max[usec]  t_avg[usec]
            0         1000         0.20         0.26         0.22
            1         1000         9.94      1311.36       338.12
            2         1000        13.00      1237.85       322.05
            4         1000         9.34      1255.16       323.17
            8         1000        10.91      1463.13       374.33
           16         1000         9.30      1077.79       280.62
           32         1000         9.76      1271.77       327.83
           64         1000         9.17      1079.63       277.69
          128         1000         6.33      1182.07       307.52
          256         1000         9.11      1137.22       295.26
          512         1000        11.95      1132.87       296.28
         1024         1000        15.12      1249.57       326.35
         2048         1000        10.41      1129.40       292.34
         4096         1000        12.05      1186.81       308.05
         8192         1000        11.17      1174.32       305.54
        16384         1000        17.29      1371.16       356.48
        32768         1000        35.58      1629.34       437.46
        65536          640       985.19      4445.59      2616.50
       131072          320      1290.39      4493.95      2903.55
       262144          160      1193.11      4988.23      3101.46
       524288           80      1877.30      6084.75      4084.45
      1048576           40      1789.35      9410.40      5615.65
      2097152           20      3299.28     18948.65     11092.66
      4194304           10      6417.49     89140.33     46331.59

#----------------------------------------------------------------
# Benchmarking Gatherv 
# #processes = 8 
# ( 2 additional processes waiting in MPI_Barrier)
#----------------------------------------------------------------
       #bytes #repetitions  t_min[usec]  t_max[usec]  t_avg[usec]
            0         1000         0.32         2.46         0.69
            1         1000         8.32      5762.31       732.66
            2         1000         8.77      5226.62       665.54
            4         1000        10.37      5394.60       689.22
            8         1000         7.74      5425.13       689.27
           16         1000        10.38      5118.62       656.76
           32         1000         8.52      5388.24       688.85
           64         1000         7.96      5515.52       705.65
          128         1000        11.84      5271.80       683.88
          256         1000         8.17      5017.33       638.40
          512         1000         8.38      5194.96       659.62
         1024         1000         8.70      5812.01       746.31
         2048         1000         9.90      5174.49       661.43
         4096         1000        10.28      5164.43       657.94
         8192 time-out.; Time limit (secs_per_sample * msg_sizes_list_len) is over; use "-time X" or SECS_PER_SAMPLE=X (IMB_settings.h) to increase time limit.

#----------------------------------------------------------------
# Benchmarking Scatter 
# #processes = 2 
# ( 8 additional processes waiting in MPI_Barrier)
#----------------------------------------------------------------
       #bytes #repetitions  t_min[usec]  t_max[usec]  t_avg[usec]
            0         1000         0.07         0.08         0.08
            1         1000         9.73       309.77       159.75
            2         1000        12.43       274.76       143.60
            4         1000         6.72       313.84       160.28
            8         1000        12.12       315.84       163.98
           16         1000         8.90       335.15       172.03
           32         1000        10.53       321.84       166.19
           64         1000         9.71       338.86       174.29
          128         1000        10.97       306.81       158.89
          256         1000         8.15       373.75       190.95
          512         1000         7.80       356.44       182.12
         1024         1000        11.68       273.82       142.75
         2048         1000        16.67       286.99       151.83
         4096         1000        18.39       403.90       211.15
         8192         1000        14.64       367.79       191.21
        16384         1000        36.13       432.52       234.32
        32768         1000        25.40       500.18       262.79
        65536          640       538.69      1241.00       889.84
       131072          320       512.05      1214.87       863.46
       262144          160       748.29      1585.03      1166.66
       524288           80      1360.15      2735.18      2047.67
      1048576           40      2524.88      5147.13      3836.00
      2097152           20      2820.72      8703.72      5762.22
      4194304           10      7135.44     17553.98     12344.71

#----------------------------------------------------------------
# Benchmarking Scatter 
# #processes = 4 
# ( 6 additional processes waiting in MPI_Barrier)
#----------------------------------------------------------------
       #bytes #repetitions  t_min[usec]  t_max[usec]  t_avg[usec]
            0         1000         0.12         0.14         0.13
            1         1000        31.24       689.56       433.39
            2         1000        31.27       867.73       528.50
            4         1000        33.75       981.92       598.32
            8         1000        62.56      1019.88       632.48
           16         1000        65.99       954.91       568.28
           32         1000        55.37       560.71       361.68
           64         1000        86.00       719.94       420.38
          128         1000        66.79       739.51       469.54
          256         1000        93.09       739.68       451.56
          512         1000        48.09       763.58       470.67
         1024         1000        80.61       697.44       404.01
         2048         1000        94.96       833.85       503.79
         4096         1000        77.13       833.58       509.59
         8192         1000        85.55       914.03       556.29
        16384         1000       142.57      1014.57       647.96
        32768         1000       148.65      1255.85       767.21
        65536          640      1870.25      4221.02      3106.54
       131072          320      1945.52      4537.83      3287.39
       262144          160      2571.65      5426.82      4133.20
       524288           80      3065.08      6271.68      4656.16
      1048576           40      4389.13     12056.64      8447.43
      2097152           20      8736.14     24919.89     16160.28
      4194304           10     15264.79     49687.98     35901.64

#----------------------------------------------------------------
# Benchmarking Scatter 
# #processes = 8 
# ( 2 additional processes waiting in MPI_Barrier)
#----------------------------------------------------------------
       #bytes #repetitions  t_min[usec]  t_max[usec]  t_avg[usec]
            0         1000         0.22         0.35         0.29
            1         1000        82.16      5419.58      2751.23
            2         1000       111.37      5839.37      3112.93
            4         1000        73.08      5273.62      2719.09
            8         1000        63.89      5198.44      2604.83
           16         1000        74.87      4992.81      2692.17
           32         1000        76.05      5435.10      2866.42
           64         1000        61.08      5253.96      2726.56
          128         1000        90.16      5318.72      2742.06
          256         1000        56.83      5434.65      2819.70
          512         1000        67.06      4851.34      2529.64
         1024         1000        97.00      5354.61      2904.21
         2048         1000        79.11      5347.81      2749.34
         4096         1000        82.88      5331.03      2756.99
         8192         1000       128.41      5880.24      3092.32
        16384         1000       135.50      5390.13      2839.10
        32768         1000       180.46      5009.96      2688.98
        65536          527      4417.97     22415.16     13804.22
       131072 time-out.; Time limit (secs_per_sample * msg_sizes_list_len) is over; use "-time X" or SECS_PER_SAMPLE=X (IMB_settings.h) to increase time limit.

#----------------------------------------------------------------
# Benchmarking Scatterv 
# #processes = 2 
# ( 8 additional processes waiting in MPI_Barrier)
#----------------------------------------------------------------
       #bytes #repetitions  t_min[usec]  t_max[usec]  t_avg[usec]
            0         1000         0.09         0.13         0.11
            1         1000         8.66       302.41       155.54
            2         1000        11.95       314.62       163.29
            4         1000        11.85       293.16       152.51
            8         1000         8.87       311.96       160.42
           16         1000        14.57       283.65       149.11
           32         1000         9.73       294.69       152.21
           64         1000        10.73       317.09       163.91
          128         1000         7.13       294.82       150.98
          256         1000         9.24       248.43       128.84
          512         1000        14.32       300.29       157.31
         1024         1000        14.13       316.98       165.55
         2048         1000        23.11       342.07       182.59
         4096         1000        23.14       370.00       196.57
         8192         1000        33.81       400.46       217.13
        16384         1000        23.62       502.76       263.19
        32768         1000        35.13       595.22       315.17
        65536          640       473.10      1172.27       822.69
       131072          320       585.59      1291.37       938.48
       262144          160       633.82      1514.02      1073.92
       524288           80      1471.23      2845.36      2158.30
      1048576           40      1637.48      4180.63      2909.06
      2097152           20      3736.93      8413.05      6074.99
      4194304           10      8160.49     16973.41     12566.95

#----------------------------------------------------------------
# Benchmarking Scatterv 
# #processes = 4 
# ( 6 additional processes waiting in MPI_Barrier)
#----------------------------------------------------------------
       #bytes #repetitions  t_min[usec]  t_max[usec]  t_avg[usec]
            0         1000         0.15         0.23         0.19
            1         1000        37.29       878.02       506.72
            2         1000        37.46       840.73       464.07
            4         1000        61.59       926.76       535.09
            8         1000        27.51       726.69       432.34
           16         1000        39.55       794.23       440.30
           32         1000        39.25       837.26       447.71
           64         1000        30.43       568.06       324.20
          128         1000        64.98       635.16       406.78
          256         1000        21.02       684.08       448.03
          512         1000        27.80       713.13       442.77
         1024         1000        30.78       926.92       542.32
         2048         1000        51.85       974.07       524.86
         4096         1000        55.66       942.56       544.96
         8192         1000        56.22      1107.23       615.42
        16384         1000        60.82      1098.48       630.32
        32768         1000        54.97      1363.01       802.01
        65536          640      1505.74      3698.46      2796.60
       131072          320      1573.77      3965.69      2878.15
       262144          160      2101.25      5547.66      3984.71
       524288           80      3503.79      7516.78      5544.41
      1048576           40      4810.14     12207.62      8535.77
      2097152           20      7818.65     24554.84     16803.74
      4194304           10     17617.67     52696.85     36010.80

#----------------------------------------------------------------
# Benchmarking Scatterv 
# #processes = 8 
# ( 2 additional processes waiting in MPI_Barrier)
#----------------------------------------------------------------
       #bytes #repetitions  t_min[usec]  t_max[usec]  t_avg[usec]
            0         1000         0.33         0.54         0.43
            1         1000        89.44      5597.79      2961.32
            2         1000        71.12      5269.15      2777.50
            4         1000        60.07      5348.40      2742.58
            8         1000        58.83      5267.61      2701.04
           16         1000        54.60      5206.10      2707.03
           32         1000        59.81      5324.64      2706.78
           64         1000        57.74      5347.47      2787.08
          128         1000        62.54      5560.62      2917.00
          256         1000        60.81      5380.69      2834.56
          512         1000        84.89      5228.32      2771.28
         1024         1000        77.86      5613.07      2941.69
         2048         1000        78.79      5610.38      2886.47
         4096         1000       102.71      5775.59      2963.23
         8192         1000        97.43      5704.91      3036.50
        16384         1000       112.71      5397.23      2825.80
        32768         1000       149.13      5874.17      3112.46
        65536          393      4864.63     21644.69     13470.41
       131072 time-out.; Time limit (secs_per_sample * msg_sizes_list_len) is over; use "-time X" or SECS_PER_SAMPLE=X (IMB_settings.h) to increase time limit.

#----------------------------------------------------------------
# Benchmarking Alltoall 
# #processes = 2 
# ( 8 additional processes waiting in MPI_Barrier)
#----------------------------------------------------------------
       #bytes #repetitions  t_min[usec]  t_max[usec]  t_avg[usec]
            0         1000         0.07         0.07         0.07
            1         1000       182.94       185.78       184.36
            2         1000       167.31       209.86       188.58
            4         1000       142.68       184.29       163.49
            8         1000       156.60       185.78       171.19
           16         1000       146.84       207.91       177.38
           32         1000       189.30       223.28       206.29
           64         1000       166.99       187.34       177.16
          128         1000       181.57       256.06       218.81
          256         1000       150.93       203.64       177.28
          512         1000       165.67       205.53       185.60
         1024         1000       179.60       181.24       180.42
         2048         1000       204.99       239.53       222.26
         4096         1000       185.50       265.61       225.56
         8192         1000       201.77       247.83       224.80
        16384         1000       291.77       338.16       314.97
        32768         1000       280.07       370.45       325.26
        65536          640      1092.15      1168.82      1130.48
       131072          320      1178.67      1276.69      1227.68
       262144          160      1485.49      1822.69      1654.09
       524288           80      2164.30      3260.43      2712.36
      1048576           40      4807.98      4884.33      4846.15
      2097152           20      6086.37      9138.61      7612.49
      4194304           10     14842.24     18913.01     16877.62

#----------------------------------------------------------------
# Benchmarking Alltoall 
# #processes = 4 
# ( 6 additional processes waiting in MPI_Barrier)
#----------------------------------------------------------------
       #bytes #repetitions  t_min[usec]  t_max[usec]  t_avg[usec]
            0         1000         0.10         0.19         0.14
            1         1000       869.63      1047.30       953.27
            2         1000       896.46      1040.28       997.74
            4         1000       759.61       929.65       853.72
            8         1000       955.71      1054.01      1006.70
           16         1000       949.11      1092.61      1010.66
           32         1000       794.58       907.00       848.24
           64         1000       922.62      1030.14       962.05
          128         1000       947.14      1011.57       969.27
          256         1000       730.22       909.68       832.56
          512         1000       843.71      1012.45       929.75
         1024         1000       768.75       955.46       842.66
         2048         1000      1009.57      1246.39      1136.00
         4096         1000      1832.69      2021.62      1899.93
         8192         1000      1688.09      1928.17      1759.96
        16384         1000      2045.23      2240.78      2131.20
        32768         1000      2471.97      2848.52      2610.04
        65536          640      6602.30      6909.79      6744.16
       131072          320      8057.76      8356.42      8181.74
       262144          160      8383.55      8765.39      8602.74
       524288           80     11524.68     11778.70     11620.94
      1048576           40     14938.93     15209.76     15105.36
      2097152           20     24142.56     26341.03     25251.52
      4194304           10     58047.87     60355.95     58954.56

#----------------------------------------------------------------
# Benchmarking Alltoall 
# #processes = 8 
# ( 2 additional processes waiting in MPI_Barrier)
#----------------------------------------------------------------
       #bytes #repetitions  t_min[usec]  t_max[usec]  t_avg[usec]
            0         1000         0.19         0.28         0.23
            1         1000      3558.83      5530.79      4885.31
            2         1000      3849.00      5649.42      4907.44
            4         1000      3677.64      5281.42      4472.68
            8         1000      3642.06      5089.24      4760.43
           16         1000      4216.95      5402.09      4959.25
           32         1000      4471.19      5563.74      5160.07
           64         1000      4329.11      5762.65      5244.31
          128         1000      3924.02      5307.32      4920.28
          256         1000      3813.15      5982.12      5278.43
          512         1000      3759.05      5752.32      5159.78
         1024         1000      3949.19      5083.20      4823.86
         2048         1000      3535.27      5264.72      4793.57
         4096          558     14478.83     18366.97     16344.56
         8192          477     14891.12     18605.78     16393.83
        16384          477     14640.56     19450.85     16614.68
        32768 time-out.; Time limit (secs_per_sample * msg_sizes_list_len) is over; use "-time X" or SECS_PER_SAMPLE=X (IMB_settings.h) to increase time limit.

#----------------------------------------------------------------
# Benchmarking Alltoallv 
# #processes = 2 
# ( 8 additional processes waiting in MPI_Barrier)
#----------------------------------------------------------------
       #bytes #repetitions  t_min[usec]  t_max[usec]  t_avg[usec]
            0         1000       116.36       184.49       150.43
            1         1000       118.34       253.28       185.81
            2         1000       143.39       250.13       196.76
            4         1000       116.29       195.35       155.82
            8         1000       175.67       189.67       182.67
           16         1000       184.96       222.79       203.87
           32         1000       131.66       183.90       157.78
           64         1000       144.21       196.02       170.12
          128         1000       148.60       223.46       186.03
          256         1000       204.31       208.18       206.24
          512         1000       111.71       235.24       173.48
         1024         1000       160.45       244.56       202.50
         2048         1000       141.04       216.12       178.58
         4096         1000       204.77       237.59       221.18
         8192         1000       253.13       257.40       255.27
        16384         1000       242.77       321.14       281.96
        32768         1000       348.93       385.41       367.17
        65536          640      1038.50      1253.55      1146.03
       131072          320      1176.00      1624.34      1400.17
       262144          160      1705.67      1871.20      1788.43
       524288           80      2438.22      3015.59      2726.91
      1048576           40      3953.58      4392.62      4173.10
      2097152           20      6215.42      8886.13      7550.77
      4194304           10     14819.07     20146.26     17482.67

#----------------------------------------------------------------
# Benchmarking Alltoallv 
# #processes = 4 
# ( 6 additional processes waiting in MPI_Barrier)
#----------------------------------------------------------------
       #bytes #repetitions  t_min[usec]  t_max[usec]  t_avg[usec]
            0         1000      1383.82      1520.02      1442.21
            1         1000      1544.07      1666.46      1599.62
            2         1000      1421.53      1615.47      1521.87
            4         1000      1600.80      1842.75      1701.84
            8         1000      1492.86      1739.86      1581.47
           16         1000      1680.37      1907.86      1760.93
           32         1000      1434.66      1730.38      1592.13
           64         1000      1518.27      1725.05      1603.87
          128         1000      1512.71      1730.74      1652.83
          256         1000      1558.67      1665.09      1591.65
          512         1000      1660.58      1884.46      1758.57
         1024         1000      1562.50      1755.20      1684.29
         2048         1000      1789.11      1966.18      1859.74
         4096         1000      1920.10      2006.26      1953.54
         8192         1000      1866.37      2024.45      1918.50
        16384         1000      2052.91      2432.05      2246.16
        32768         1000      2388.92      2631.78      2523.52
        65536          640      6738.47      7204.93      6956.57
       131072          320      7910.81      8537.48      8331.65
       262144          160      9039.10      9540.05      9338.62
       524288           80     11365.65     11839.98     11575.69
      1048576           40     13834.51     14674.84     14316.17
      2097152           20     23460.29     25510.15     24379.77
      4194304           10     58341.53     62346.65     59736.57

#----------------------------------------------------------------
# Benchmarking Alltoallv 
# #processes = 8 
# ( 2 additional processes waiting in MPI_Barrier)
#----------------------------------------------------------------
       #bytes #repetitions  t_min[usec]  t_max[usec]  t_avg[usec]
            0          514     14388.49     18703.26     16117.83
            1          514     14057.62     18399.33     15754.99
            2          514     13295.99     17757.59     15392.42
            4          513     13866.46     18021.90     15464.35
            8          513     15406.43     18622.67     16702.91
           16          513     13874.04     18726.25     15446.33
           32          513     14644.16     18609.05     16089.34
           64          513     14535.94     17807.72     15906.76
          128          513     13715.18     17779.61     15325.87
          256          486     13844.31     18102.83     15537.24
          512          486     14166.45     18381.14     16011.83
         1024          486     13489.34     18283.03     15298.31
         2048          446     15388.29     19439.07     17013.14
         4096          426     13758.19     18056.13     15485.00
         8192          426     13670.71     18181.42     15626.07
        16384          426     15001.91     19397.98     16994.40
        32768 time-out.; Time limit (secs_per_sample * msg_sizes_list_len) is over; use "-time X" or SECS_PER_SAMPLE=X (IMB_settings.h) to increase time limit.

#----------------------------------------------------------------
# Benchmarking Bcast 
# #processes = 2 
# ( 8 additional processes waiting in MPI_Barrier)
#----------------------------------------------------------------
       #bytes #repetitions  t_min[usec]  t_max[usec]  t_avg[usec]
            0         1000         0.07         0.07         0.07
            1         1000        10.22       303.12       156.67
            2         1000        12.57       309.19       160.88
            4         1000        11.62       262.90       137.26
            8         1000        10.68       270.13       140.41
           16         1000        16.72       317.56       167.14
           32         1000         9.11       350.75       179.93
           64         1000        13.11       305.81       159.46
          128         1000         6.73       278.54       142.64
          256         1000        13.74       377.06       195.40
          512         1000        14.21       353.91       184.06
         1024         1000        16.67       333.71       175.19
         2048         1000        16.58       353.86       185.22
         4096         1000        24.51       375.59       200.05
         8192         1000        42.54       494.90       268.72
        16384         1000       126.37       510.24       318.31
        32768         1000       341.04       981.66       661.35
        65536          640       414.63      1359.56       887.09
       131072          320      2010.79      2733.35      2372.07
       262144          160      3300.88      3931.37      3616.13
       524288           80      3361.39      4096.73      3729.06
      1048576           40      6387.77      7435.05      6911.41
      2097152           20     14948.12     15981.98     15465.05
      4194304           10     29288.67     29635.85     29462.26

#----------------------------------------------------------------
# Benchmarking Bcast 
# #processes = 4 
# ( 6 additional processes waiting in MPI_Barrier)
#----------------------------------------------------------------
       #bytes #repetitions  t_min[usec]  t_max[usec]  t_avg[usec]
            0         1000         0.09         0.15         0.12
            1         1000        23.73      1902.46       852.49
            2         1000        24.67      1885.46       874.44
            4         1000        36.86      1922.85       883.45
            8         1000        18.78      1852.33       807.74
           16         1000        29.45      1934.58       884.79
           32         1000        21.20      1780.01       883.72
           64         1000        17.26      1839.54       914.08
          128         1000        64.19      1598.27       766.40
          256         1000        20.69      1912.72       903.49
          512         1000        30.05      1815.89       886.59
         1024         1000        47.26      1725.00       833.47
         2048         1000        36.31      1416.70       934.35
         4096         1000        79.76      1564.70      1044.29
         8192         1000        98.74      1734.90      1133.62
        16384         1000       142.81      2294.45      1438.83
        32768         1000       338.95      2656.23      1816.88
        65536          640       683.52      3193.04      2276.18
       131072          320      4352.31      5030.50      4797.19
       262144          160      6301.88      6816.40      6614.02
       524288           80      4134.67      4887.09      4604.17
      1048576           40      5586.39      6830.36      6435.84
      2097152           20     32747.95     37575.09     35646.52
      4194304           10     69126.81     74518.47     72045.23

#----------------------------------------------------------------
# Benchmarking Bcast 
# #processes = 8 
# ( 2 additional processes waiting in MPI_Barrier)
#----------------------------------------------------------------
       #bytes #repetitions  t_min[usec]  t_max[usec]  t_avg[usec]
            0         1000         0.17         0.27         0.22
            1         1000        25.71      7735.14      4169.89
            2         1000        31.11      8161.77      4455.80
            4         1000        50.75      7455.11      4046.89
            8         1000        30.26      8493.17      4587.70
           16         1000        28.81      7951.65      4258.19
           32         1000        46.38      8001.50      4260.63
           64         1000        31.89      7721.43      4018.39
          128         1000        37.24      7447.98      4005.12
          256          959        36.37      8083.39      4344.43
          512          959        34.68      7819.61      4163.80
         1024          959        32.64      7842.85      4222.86
         2048          959        40.34      6344.31      4265.99
         4096          959        62.90      6116.06      4155.34
         8192          959        90.96      5987.92      4109.40
        16384          959       144.76      6645.10      4517.97
        32768 time-out.; Time limit (secs_per_sample * msg_sizes_list_len) is over; use "-time X" or SECS_PER_SAMPLE=X (IMB_settings.h) to increase time limit.

#---------------------------------------------------
# Benchmarking Barrier 
# #processes = 2 
# ( 8 additional processes waiting in MPI_Barrier)
#---------------------------------------------------
 #repetitions  t_min[usec]  t_max[usec]  t_avg[usec]
         1000       207.36       207.38       207.37

#---------------------------------------------------
# Benchmarking Barrier 
# #processes = 4 
# ( 6 additional processes waiting in MPI_Barrier)
#---------------------------------------------------
 #repetitions  t_min[usec]  t_max[usec]  t_avg[usec]
         1000      1140.46      1140.63      1140.54

#---------------------------------------------------
# Benchmarking Barrier 
# #processes = 8 
# ( 2 additional processes waiting in MPI_Barrier)
#---------------------------------------------------
 #repetitions  t_min[usec]  t_max[usec]  t_avg[usec]
         1000      5908.80      5914.77      5911.80

#---------------------------------------------------
# Benchmarking Barrier 
# #processes = 10 
#---------------------------------------------------
 #repetitions  t_min[usec]  t_max[usec]  t_avg[usec]
         1000      9594.67      9600.84      9597.50


# All processes entering MPI_Finalize

